INFO: [VRFC 10-2263] Analyzing SystemVerilog file "/home/monsud/Scrivania/ASCON-hw/ASCON-hw.srcs/sources_1/new/ascon_128.sv" into library xil_defaultlib
INFO: [VRFC 10-311] analyzing module ascon_128
INFO: [VRFC 10-2263] Analyzing SystemVerilog file "/home/monsud/Scrivania/ASCON-hw/ASCON-hw.srcs/sources_1/new/ascon_add_constant.sv" into library xil_defaultlib
INFO: [VRFC 10-311] analyzing module ascon_add_constant
INFO: [VRFC 10-2263] Analyzing SystemVerilog file "/home/monsud/Scrivania/ASCON-hw/ASCON-hw.srcs/sources_1/new/ascon_finalization.sv" into library xil_defaultlib
INFO: [VRFC 10-311] analyzing module ascon_finalization
INFO: [VRFC 10-2263] Analyzing SystemVerilog file "/home/monsud/Scrivania/ASCON-hw/ASCON-hw.srcs/sources_1/new/ascon_fsm.sv" into library xil_defaultlib
INFO: [VRFC 10-311] analyzing module ascon_fsm
INFO: [VRFC 10-2263] Analyzing SystemVerilog file "/home/monsud/Scrivania/ASCON-hw/ASCON-hw.srcs/sources_1/new/ascon_hash.sv" into library xil_defaultlib
INFO: [VRFC 10-311] analyzing module ascon_hash
INFO: [VRFC 10-2263] Analyzing SystemVerilog file "/home/monsud/Scrivania/ASCON-hw/ASCON-hw.srcs/sources_1/new/ascon_hmac.sv" into library xil_defaultlib
INFO: [VRFC 10-311] analyzing module ascon_hmac
INFO: [VRFC 10-2263] Analyzing SystemVerilog file "/home/monsud/Scrivania/ASCON-hw/ASCON-hw.srcs/sources_1/new/ascon_initialization.sv" into library xil_defaultlib
INFO: [VRFC 10-311] analyzing module ascon_initialization
INFO: [VRFC 10-2263] Analyzing SystemVerilog file "/home/monsud/Scrivania/ASCON-hw/ASCON-hw.srcs/sources_1/new/ascon_key_schedule.sv" into library xil_defaultlib
INFO: [VRFC 10-311] analyzing module ascon_key_schedule
INFO: [VRFC 10-2263] Analyzing SystemVerilog file "/home/monsud/Scrivania/ASCON-hw/ASCON-hw.srcs/sources_1/new/ascon_kmac.sv" into library xil_defaultlib
INFO: [VRFC 10-311] analyzing module ascon_kmac
INFO: [VRFC 10-2263] Analyzing SystemVerilog file "/home/monsud/Scrivania/ASCON-hw/ASCON-hw.srcs/sources_1/new/ascon_linear_diffusion.sv" into library xil_defaultlib
INFO: [VRFC 10-311] analyzing module ascon_linear_diffusion
INFO: [VRFC 10-2263] Analyzing SystemVerilog file "/home/monsud/Scrivania/ASCON-hw/ASCON-hw.srcs/sources_1/new/ascon_round.sv" into library xil_defaultlib
INFO: [VRFC 10-311] analyzing module ascon_round
INFO: [VRFC 10-2263] Analyzing SystemVerilog file "/home/monsud/Scrivania/ASCON-hw/ASCON-hw.srcs/sources_1/new/ascon_sbox.sv" into library xil_defaultlib
INFO: [VRFC 10-311] analyzing module ascon_sbox
INFO: [VRFC 10-2263] Analyzing SystemVerilog file "/home/monsud/Scrivania/ASCON-hw/ASCON-hw.srcs/sources_1/new/top_module.sv" into library xil_defaultlib
INFO: [VRFC 10-311] analyzing module top_module
INFO: [VRFC 10-2263] Analyzing SystemVerilog file "/home/monsud/Scrivania/ASCON-hw/ASCON-hw.srcs/sim_1/new/tb_top_module.sv" into library xil_defaultlib
INFO: [VRFC 10-311] analyzing module tb_top_module
