Vivado Simulator v2023.2
Copyright 1986-2022 Xilinx, Inc. All Rights Reserved.
Copyright 2022-2023 Advanced Micro Devices, Inc. All Rights Reserved.
Running: /home/monsud/Xilinx/Vivado/2023.2/bin/unwrapped/lnx64.o/xelab --incr --debug typical --relax --mt 8 -L xil_defaultlib -L uvm -L xilinx_vip -L unisims_ver -L unimacro_ver -L secureip -L xpm --snapshot tb_top_module_behav xil_defaultlib.tb_top_module xil_defaultlib.glbl -log elaborate.log 
Using 8 slave threads.
Starting static elaboration
Pass Through NonSizing Optimizer
WARNING: [VRFC 10-3091] actual bit length 32 differs from formal bit length 4 for port 'round_number' [/home/monsud/Scrivania/ASCON-hw/ASCON-hw.srcs/sources_1/new/ascon_128.sv:84]
WARNING: [VRFC 10-3091] actual bit length 128 differs from formal bit length 8 for port 'data' [/home/monsud/Scrivania/ASCON-hw/ASCON-hw.srcs/sources_1/new/top_module.sv:50]
WARNING: [VRFC 10-3091] actual bit length 32 differs from formal bit length 4 for port 'round_number' [/home/monsud/Scrivania/ASCON-hw/ASCON-hw.srcs/sources_1/new/ascon_hash.sv:56]
WARNING: [VRFC 10-3091] actual bit length 128 differs from formal bit length 8 for port 'data' [/home/monsud/Scrivania/ASCON-hw/ASCON-hw.srcs/sources_1/new/ascon_hmac.sv:70]
WARNING: [VRFC 10-3091] actual bit length 128 differs from formal bit length 8 for port 'data' [/home/monsud/Scrivania/ASCON-hw/ASCON-hw.srcs/sources_1/new/top_module.sv:62]
WARNING: [VRFC 10-3091] actual bit length 8 differs from formal bit length 128 for port 'hash_output' [/home/monsud/Scrivania/ASCON-hw/ASCON-hw.srcs/sources_1/new/ascon_kmac.sv:68]
WARNING: [VRFC 10-3823] variable 'hmac_output' might have multiple concurrent drivers [/home/monsud/Scrivania/ASCON-hw/ASCON-hw.srcs/sim_1/new/tb_top_module.sv:39]
WARNING: [VRFC 10-3823] variable 'status_register' might have multiple concurrent drivers [/home/monsud/Scrivania/ASCON-hw/ASCON-hw.srcs/sources_1/new/top_module.sv:41]
WARNING: [VRFC 10-3823] variable 'status_register' might have multiple concurrent drivers [/home/monsud/Scrivania/ASCON-hw/ASCON-hw.srcs/sources_1/new/top_module.sv:53]
WARNING: [VRFC 10-5021] port 'nonce' is not connected on this instance [/home/monsud/Scrivania/ASCON-hw/ASCON-hw.srcs/sources_1/new/top_module.sv:45]
WARNING: [VRFC 10-3823] variable 'status_register' might have multiple concurrent drivers [/home/monsud/Scrivania/ASCON-hw/ASCON-hw.srcs/sources_1/new/top_module.sv:65]
WARNING: [VRFC 10-5021] port 'nonce' is not connected on this instance [/home/monsud/Scrivania/ASCON-hw/ASCON-hw.srcs/sources_1/new/top_module.sv:57]
Completed static elaboration
INFO: [XSIM 43-4323] No Change in HDL. Linking previously generated obj files to create kernel
