
*** Running vivado
    with args -log design_ascon_ascon_core_0_1.vds -m64 -product Vivado -mode batch -messageDb vivado.pb -notrace -source design_ascon_ascon_core_0_1.tcl


****** Vivado v2023.2 (64-bit)
  **** SW Build 4029153 on Fri Oct 13 20:13:54 MDT 2023
  **** IP Build 4028589 on Sat Oct 14 00:45:43 MDT 2023
  **** SharedData Build 4025554 on Tue Oct 10 17:18:54 MDT 2023
    ** Copyright 1986-2022 Xilinx, Inc. All Rights Reserved.
    ** Copyright 2022-2023 Advanced Micro Devices, Inc. All Rights Reserved.

source design_ascon_ascon_core_0_1.tcl -notrace
create_project: Time (s): cpu = 00:00:07 ; elapsed = 00:00:07 . Memory (MB): peak = 1258.738 ; gain = 6.961 ; free physical = 1280 ; free virtual = 3471
INFO: [IP_Flow 19-234] Refreshing IP repositories
INFO: [IP_Flow 19-1700] Loaded user IP repository '/home/monsud/Scrivania/ASCON-hw/ip_repo/ascon_core_1_0'.
INFO: [IP_Flow 19-2313] Loaded Vivado IP repository '/home/monsud/Xilinx/Vivado/2023.2/data/ip'.
INFO: [IP_Flow 19-6924] IPCACHE: Running cache check for IP inst: design_ascon_ascon_core_0_1
Command: synth_design -top design_ascon_ascon_core_0_1 -part xc7z010clg400-1 -incremental_mode off -mode out_of_context
Starting synth_design
Attempting to get a license for feature 'Synthesis' and/or device 'xc7z010'
INFO: [Common 17-349] Got license for feature 'Synthesis' and/or device 'xc7z010'
INFO: [Device 21-403] Loading part xc7z010clg400-1
INFO: [Synth 8-7079] Multithreading enabled for synth_design using a maximum of 4 processes.
INFO: [Synth 8-7078] Launching helper process for spawning children vivado processes
INFO: [Synth 8-7075] Helper process launched with PID 17082
---------------------------------------------------------------------------------
Starting RTL Elaboration : Time (s): cpu = 00:00:04 ; elapsed = 00:00:04 . Memory (MB): peak = 2009.602 ; gain = 404.715 ; free physical = 251 ; free virtual = 2445
---------------------------------------------------------------------------------
INFO: [Synth 8-11241] undeclared symbol 'nonce', assumed default net type 'wire' [/home/monsud/Scrivania/ASCON-hw/ASCON-hw.gen/sources_1/bd/design_ascon/ipshared/329f/ASCON-hw.srcs/sources_1/new/ascon_hash.sv:38]
INFO: [Synth 8-6157] synthesizing module 'design_ascon_ascon_core_0_1' [/home/monsud/Scrivania/ASCON-hw/ASCON-hw.gen/sources_1/bd/design_ascon/ip/design_ascon_ascon_core_0_1/synth/design_ascon_ascon_core_0_1.sv:53]
INFO: [Synth 8-6157] synthesizing module 'ascon_core_v1_0' [/home/monsud/Scrivania/ASCON-hw/ASCON-hw.gen/sources_1/bd/design_ascon/ipshared/329f/src/ascon_core_v1_0.sv:4]
INFO: [Synth 8-6157] synthesizing module 'ascon_core_v1_0_S00_AXI' [/home/monsud/Scrivania/ASCON-hw/ASCON-hw.gen/sources_1/bd/design_ascon/ipshared/329f/src/ascon_core_v1_0_S00_AXI.sv:17]
INFO: [Synth 8-6157] synthesizing module 'ascon_128' [/home/monsud/Scrivania/ASCON-hw/ASCON-hw.gen/sources_1/bd/design_ascon/ipshared/329f/ASCON-hw.srcs/sources_1/new/ascon_128.sv:25]
INFO: [Synth 8-6157] synthesizing module 'ascon_round' [/home/monsud/Scrivania/ASCON-hw/ASCON-hw.gen/sources_1/bd/design_ascon/ipshared/329f/ASCON-hw.srcs/sources_1/new/ascon_round.sv:22]
INFO: [Synth 8-6157] synthesizing module 'ascon_add_constant' [/home/monsud/Scrivania/ASCON-hw/ASCON-hw.gen/sources_1/bd/design_ascon/ipshared/329f/ASCON-hw.srcs/sources_1/new/ascon_add_constant.sv:23]
INFO: [Synth 8-6155] done synthesizing module 'ascon_add_constant' (0#1) [/home/monsud/Scrivania/ASCON-hw/ASCON-hw.gen/sources_1/bd/design_ascon/ipshared/329f/ASCON-hw.srcs/sources_1/new/ascon_add_constant.sv:23]
INFO: [Synth 8-6157] synthesizing module 'ascon_sbox' [/home/monsud/Scrivania/ASCON-hw/ASCON-hw.gen/sources_1/bd/design_ascon/ipshared/329f/ASCON-hw.srcs/sources_1/new/ascon_sbox.sv:23]
INFO: [Synth 8-6155] done synthesizing module 'ascon_sbox' (0#1) [/home/monsud/Scrivania/ASCON-hw/ASCON-hw.gen/sources_1/bd/design_ascon/ipshared/329f/ASCON-hw.srcs/sources_1/new/ascon_sbox.sv:23]
INFO: [Synth 8-6157] synthesizing module 'ascon_linear_diffusion' [/home/monsud/Scrivania/ASCON-hw/ASCON-hw.gen/sources_1/bd/design_ascon/ipshared/329f/ASCON-hw.srcs/sources_1/new/ascon_linear_diffusion.sv:22]
INFO: [Synth 8-6155] done synthesizing module 'ascon_linear_diffusion' (0#1) [/home/monsud/Scrivania/ASCON-hw/ASCON-hw.gen/sources_1/bd/design_ascon/ipshared/329f/ASCON-hw.srcs/sources_1/new/ascon_linear_diffusion.sv:22]
INFO: [Synth 8-6155] done synthesizing module 'ascon_round' (0#1) [/home/monsud/Scrivania/ASCON-hw/ASCON-hw.gen/sources_1/bd/design_ascon/ipshared/329f/ASCON-hw.srcs/sources_1/new/ascon_round.sv:22]
INFO: [Synth 8-6157] synthesizing module 'ascon_fsm' [/home/monsud/Scrivania/ASCON-hw/ASCON-hw.gen/sources_1/bd/design_ascon/ipshared/329f/ASCON-hw.srcs/sources_1/new/ascon_fsm.sv:30]
INFO: [Synth 8-6155] done synthesizing module 'ascon_fsm' (0#1) [/home/monsud/Scrivania/ASCON-hw/ASCON-hw.gen/sources_1/bd/design_ascon/ipshared/329f/ASCON-hw.srcs/sources_1/new/ascon_fsm.sv:30]
INFO: [Synth 8-6157] synthesizing module 'ascon_initialization' [/home/monsud/Scrivania/ASCON-hw/ASCON-hw.gen/sources_1/bd/design_ascon/ipshared/329f/ASCON-hw.srcs/sources_1/new/ascon_initialization.sv:22]
INFO: [Synth 8-6155] done synthesizing module 'ascon_initialization' (0#1) [/home/monsud/Scrivania/ASCON-hw/ASCON-hw.gen/sources_1/bd/design_ascon/ipshared/329f/ASCON-hw.srcs/sources_1/new/ascon_initialization.sv:22]
INFO: [Synth 8-6157] synthesizing module 'ascon_key_schedule' [/home/monsud/Scrivania/ASCON-hw/ASCON-hw.gen/sources_1/bd/design_ascon/ipshared/329f/ASCON-hw.srcs/sources_1/new/ascon_key_schedule.sv:22]
INFO: [Synth 8-6155] done synthesizing module 'ascon_key_schedule' (0#1) [/home/monsud/Scrivania/ASCON-hw/ASCON-hw.gen/sources_1/bd/design_ascon/ipshared/329f/ASCON-hw.srcs/sources_1/new/ascon_key_schedule.sv:22]
INFO: [Synth 8-6157] synthesizing module 'ascon_finalization' [/home/monsud/Scrivania/ASCON-hw/ASCON-hw.gen/sources_1/bd/design_ascon/ipshared/329f/ASCON-hw.srcs/sources_1/new/ascon_finalization.sv:23]
INFO: [Synth 8-6155] done synthesizing module 'ascon_finalization' (0#1) [/home/monsud/Scrivania/ASCON-hw/ASCON-hw.gen/sources_1/bd/design_ascon/ipshared/329f/ASCON-hw.srcs/sources_1/new/ascon_finalization.sv:23]
INFO: [Synth 8-6155] done synthesizing module 'ascon_128' (0#1) [/home/monsud/Scrivania/ASCON-hw/ASCON-hw.gen/sources_1/bd/design_ascon/ipshared/329f/ASCON-hw.srcs/sources_1/new/ascon_128.sv:25]
WARNING: [Synth 8-689] width (128) of port connection 'control_register' does not match port width (32) of module 'ascon_128' [/home/monsud/Scrivania/ASCON-hw/ASCON-hw.gen/sources_1/bd/design_ascon/ipshared/329f/src/ascon_core_v1_0_S00_AXI.sv:617]
WARNING: [Synth 8-689] width (128) of port connection 'status_register' does not match port width (32) of module 'ascon_128' [/home/monsud/Scrivania/ASCON-hw/ASCON-hw.gen/sources_1/bd/design_ascon/ipshared/329f/src/ascon_core_v1_0_S00_AXI.sv:618]
INFO: [Synth 8-6155] done synthesizing module 'ascon_core_v1_0_S00_AXI' (0#1) [/home/monsud/Scrivania/ASCON-hw/ASCON-hw.gen/sources_1/bd/design_ascon/ipshared/329f/src/ascon_core_v1_0_S00_AXI.sv:17]
INFO: [Synth 8-6157] synthesizing module 'ascon_core_v1_0_S_AXI_INTR' [/home/monsud/Scrivania/ASCON-hw/ASCON-hw.gen/sources_1/bd/design_ascon/ipshared/329f/src/ascon_core_v1_0_S_AXI_INTR.sv:4]
INFO: [Synth 8-6155] done synthesizing module 'ascon_core_v1_0_S_AXI_INTR' (0#1) [/home/monsud/Scrivania/ASCON-hw/ASCON-hw.gen/sources_1/bd/design_ascon/ipshared/329f/src/ascon_core_v1_0_S_AXI_INTR.sv:4]
INFO: [Synth 8-6155] done synthesizing module 'ascon_core_v1_0' (0#1) [/home/monsud/Scrivania/ASCON-hw/ASCON-hw.gen/sources_1/bd/design_ascon/ipshared/329f/src/ascon_core_v1_0.sv:4]
INFO: [Synth 8-6155] done synthesizing module 'design_ascon_ascon_core_0_1' (0#1) [/home/monsud/Scrivania/ASCON-hw/ASCON-hw.gen/sources_1/bd/design_ascon/ip/design_ascon_ascon_core_0_1/synth/design_ascon_ascon_core_0_1.sv:53]
WARNING: [Synth 8-3848] Net key in module/entity ascon_core_v1_0_S00_AXI does not have driver. [/home/monsud/Scrivania/ASCON-hw/ASCON-hw.gen/sources_1/bd/design_ascon/ipshared/329f/src/ascon_core_v1_0_S00_AXI.sv:109]
WARNING: [Synth 8-3848] Net nonce in module/entity ascon_core_v1_0_S00_AXI does not have driver. [/home/monsud/Scrivania/ASCON-hw/ASCON-hw.gen/sources_1/bd/design_ascon/ipshared/329f/src/ascon_core_v1_0_S00_AXI.sv:110]
WARNING: [Synth 8-3848] Net plaintext in module/entity ascon_core_v1_0_S00_AXI does not have driver. [/home/monsud/Scrivania/ASCON-hw/ASCON-hw.gen/sources_1/bd/design_ascon/ipshared/329f/src/ascon_core_v1_0_S00_AXI.sv:111]
WARNING: [Synth 8-3848] Net control_register in module/entity ascon_core_v1_0_S00_AXI does not have driver. [/home/monsud/Scrivania/ASCON-hw/ASCON-hw.gen/sources_1/bd/design_ascon/ipshared/329f/src/ascon_core_v1_0_S00_AXI.sv:113]
WARNING: [Synth 8-6014] Unused sequential element intr_all_ff_reg was removed.  [/home/monsud/Scrivania/ASCON-hw/ASCON-hw.gen/sources_1/bd/design_ascon/ipshared/329f/src/ascon_core_v1_0_S_AXI_INTR.sv:511]
WARNING: [Synth 8-7129] Port S_AXI_AWPROT[2] in module ascon_core_v1_0_S_AXI_INTR is either unconnected or has no load
WARNING: [Synth 8-7129] Port S_AXI_AWPROT[1] in module ascon_core_v1_0_S_AXI_INTR is either unconnected or has no load
WARNING: [Synth 8-7129] Port S_AXI_AWPROT[0] in module ascon_core_v1_0_S_AXI_INTR is either unconnected or has no load
WARNING: [Synth 8-7129] Port S_AXI_WDATA[31] in module ascon_core_v1_0_S_AXI_INTR is either unconnected or has no load
WARNING: [Synth 8-7129] Port S_AXI_WDATA[30] in module ascon_core_v1_0_S_AXI_INTR is either unconnected or has no load
WARNING: [Synth 8-7129] Port S_AXI_WDATA[29] in module ascon_core_v1_0_S_AXI_INTR is either unconnected or has no load
WARNING: [Synth 8-7129] Port S_AXI_WDATA[28] in module ascon_core_v1_0_S_AXI_INTR is either unconnected or has no load
WARNING: [Synth 8-7129] Port S_AXI_WDATA[27] in module ascon_core_v1_0_S_AXI_INTR is either unconnected or has no load
WARNING: [Synth 8-7129] Port S_AXI_WDATA[26] in module ascon_core_v1_0_S_AXI_INTR is either unconnected or has no load
WARNING: [Synth 8-7129] Port S_AXI_WDATA[25] in module ascon_core_v1_0_S_AXI_INTR is either unconnected or has no load
WARNING: [Synth 8-7129] Port S_AXI_WDATA[24] in module ascon_core_v1_0_S_AXI_INTR is either unconnected or has no load
WARNING: [Synth 8-7129] Port S_AXI_WDATA[23] in module ascon_core_v1_0_S_AXI_INTR is either unconnected or has no load
WARNING: [Synth 8-7129] Port S_AXI_WDATA[22] in module ascon_core_v1_0_S_AXI_INTR is either unconnected or has no load
WARNING: [Synth 8-7129] Port S_AXI_WDATA[21] in module ascon_core_v1_0_S_AXI_INTR is either unconnected or has no load
WARNING: [Synth 8-7129] Port S_AXI_WDATA[20] in module ascon_core_v1_0_S_AXI_INTR is either unconnected or has no load
WARNING: [Synth 8-7129] Port S_AXI_WDATA[19] in module ascon_core_v1_0_S_AXI_INTR is either unconnected or has no load
WARNING: [Synth 8-7129] Port S_AXI_WDATA[18] in module ascon_core_v1_0_S_AXI_INTR is either unconnected or has no load
WARNING: [Synth 8-7129] Port S_AXI_WDATA[17] in module ascon_core_v1_0_S_AXI_INTR is either unconnected or has no load
WARNING: [Synth 8-7129] Port S_AXI_WDATA[16] in module ascon_core_v1_0_S_AXI_INTR is either unconnected or has no load
WARNING: [Synth 8-7129] Port S_AXI_WDATA[15] in module ascon_core_v1_0_S_AXI_INTR is either unconnected or has no load
WARNING: [Synth 8-7129] Port S_AXI_WDATA[14] in module ascon_core_v1_0_S_AXI_INTR is either unconnected or has no load
WARNING: [Synth 8-7129] Port S_AXI_WDATA[13] in module ascon_core_v1_0_S_AXI_INTR is either unconnected or has no load
WARNING: [Synth 8-7129] Port S_AXI_WDATA[12] in module ascon_core_v1_0_S_AXI_INTR is either unconnected or has no load
WARNING: [Synth 8-7129] Port S_AXI_WDATA[11] in module ascon_core_v1_0_S_AXI_INTR is either unconnected or has no load
WARNING: [Synth 8-7129] Port S_AXI_WDATA[10] in module ascon_core_v1_0_S_AXI_INTR is either unconnected or has no load
WARNING: [Synth 8-7129] Port S_AXI_WDATA[9] in module ascon_core_v1_0_S_AXI_INTR is either unconnected or has no load
WARNING: [Synth 8-7129] Port S_AXI_WDATA[8] in module ascon_core_v1_0_S_AXI_INTR is either unconnected or has no load
WARNING: [Synth 8-7129] Port S_AXI_WDATA[7] in module ascon_core_v1_0_S_AXI_INTR is either unconnected or has no load
WARNING: [Synth 8-7129] Port S_AXI_WDATA[6] in module ascon_core_v1_0_S_AXI_INTR is either unconnected or has no load
WARNING: [Synth 8-7129] Port S_AXI_WDATA[5] in module ascon_core_v1_0_S_AXI_INTR is either unconnected or has no load
WARNING: [Synth 8-7129] Port S_AXI_WDATA[4] in module ascon_core_v1_0_S_AXI_INTR is either unconnected or has no load
WARNING: [Synth 8-7129] Port S_AXI_WDATA[3] in module ascon_core_v1_0_S_AXI_INTR is either unconnected or has no load
WARNING: [Synth 8-7129] Port S_AXI_WDATA[2] in module ascon_core_v1_0_S_AXI_INTR is either unconnected or has no load
WARNING: [Synth 8-7129] Port S_AXI_WDATA[1] in module ascon_core_v1_0_S_AXI_INTR is either unconnected or has no load
WARNING: [Synth 8-7129] Port S_AXI_WSTRB[3] in module ascon_core_v1_0_S_AXI_INTR is either unconnected or has no load
WARNING: [Synth 8-7129] Port S_AXI_WSTRB[2] in module ascon_core_v1_0_S_AXI_INTR is either unconnected or has no load
WARNING: [Synth 8-7129] Port S_AXI_WSTRB[1] in module ascon_core_v1_0_S_AXI_INTR is either unconnected or has no load
WARNING: [Synth 8-7129] Port S_AXI_WSTRB[0] in module ascon_core_v1_0_S_AXI_INTR is either unconnected or has no load
WARNING: [Synth 8-7129] Port S_AXI_ARPROT[2] in module ascon_core_v1_0_S_AXI_INTR is either unconnected or has no load
WARNING: [Synth 8-7129] Port S_AXI_ARPROT[1] in module ascon_core_v1_0_S_AXI_INTR is either unconnected or has no load
WARNING: [Synth 8-7129] Port S_AXI_ARPROT[0] in module ascon_core_v1_0_S_AXI_INTR is either unconnected or has no load
WARNING: [Synth 8-7129] Port control[31] in module ascon_fsm is either unconnected or has no load
WARNING: [Synth 8-7129] Port control[30] in module ascon_fsm is either unconnected or has no load
WARNING: [Synth 8-7129] Port control[29] in module ascon_fsm is either unconnected or has no load
WARNING: [Synth 8-7129] Port control[28] in module ascon_fsm is either unconnected or has no load
WARNING: [Synth 8-7129] Port control[27] in module ascon_fsm is either unconnected or has no load
WARNING: [Synth 8-7129] Port control[26] in module ascon_fsm is either unconnected or has no load
WARNING: [Synth 8-7129] Port control[25] in module ascon_fsm is either unconnected or has no load
WARNING: [Synth 8-7129] Port control[24] in module ascon_fsm is either unconnected or has no load
WARNING: [Synth 8-7129] Port control[23] in module ascon_fsm is either unconnected or has no load
WARNING: [Synth 8-7129] Port control[22] in module ascon_fsm is either unconnected or has no load
WARNING: [Synth 8-7129] Port control[21] in module ascon_fsm is either unconnected or has no load
WARNING: [Synth 8-7129] Port control[20] in module ascon_fsm is either unconnected or has no load
WARNING: [Synth 8-7129] Port control[19] in module ascon_fsm is either unconnected or has no load
WARNING: [Synth 8-7129] Port control[18] in module ascon_fsm is either unconnected or has no load
WARNING: [Synth 8-7129] Port control[17] in module ascon_fsm is either unconnected or has no load
WARNING: [Synth 8-7129] Port control[16] in module ascon_fsm is either unconnected or has no load
WARNING: [Synth 8-7129] Port control[15] in module ascon_fsm is either unconnected or has no load
WARNING: [Synth 8-7129] Port control[14] in module ascon_fsm is either unconnected or has no load
WARNING: [Synth 8-7129] Port control[13] in module ascon_fsm is either unconnected or has no load
WARNING: [Synth 8-7129] Port control[12] in module ascon_fsm is either unconnected or has no load
WARNING: [Synth 8-7129] Port control[11] in module ascon_fsm is either unconnected or has no load
WARNING: [Synth 8-7129] Port control[10] in module ascon_fsm is either unconnected or has no load
WARNING: [Synth 8-7129] Port control[9] in module ascon_fsm is either unconnected or has no load
WARNING: [Synth 8-7129] Port control[8] in module ascon_fsm is either unconnected or has no load
WARNING: [Synth 8-7129] Port control[7] in module ascon_fsm is either unconnected or has no load
WARNING: [Synth 8-7129] Port control[6] in module ascon_fsm is either unconnected or has no load
WARNING: [Synth 8-7129] Port S_AXI_AWPROT[2] in module ascon_core_v1_0_S00_AXI is either unconnected or has no load
WARNING: [Synth 8-7129] Port S_AXI_AWPROT[1] in module ascon_core_v1_0_S00_AXI is either unconnected or has no load
WARNING: [Synth 8-7129] Port S_AXI_AWPROT[0] in module ascon_core_v1_0_S00_AXI is either unconnected or has no load
WARNING: [Synth 8-7129] Port S_AXI_ARPROT[2] in module ascon_core_v1_0_S00_AXI is either unconnected or has no load
WARNING: [Synth 8-7129] Port S_AXI_ARPROT[1] in module ascon_core_v1_0_S00_AXI is either unconnected or has no load
WARNING: [Synth 8-7129] Port S_AXI_ARPROT[0] in module ascon_core_v1_0_S00_AXI is either unconnected or has no load
---------------------------------------------------------------------------------
Finished RTL Elaboration : Time (s): cpu = 00:00:05 ; elapsed = 00:00:06 . Memory (MB): peak = 2098.539 ; gain = 493.652 ; free physical = 604 ; free virtual = 2670
---------------------------------------------------------------------------------
---------------------------------------------------------------------------------
Start Handling Custom Attributes
---------------------------------------------------------------------------------
---------------------------------------------------------------------------------
Finished Handling Custom Attributes : Time (s): cpu = 00:00:05 ; elapsed = 00:00:06 . Memory (MB): peak = 2116.352 ; gain = 511.465 ; free physical = 597 ; free virtual = 2663
---------------------------------------------------------------------------------
---------------------------------------------------------------------------------
Finished RTL Optimization Phase 1 : Time (s): cpu = 00:00:05 ; elapsed = 00:00:06 . Memory (MB): peak = 2116.352 ; gain = 511.465 ; free physical = 597 ; free virtual = 2663
---------------------------------------------------------------------------------
Netlist sorting complete. Time (s): cpu = 00:00:00.1 ; elapsed = 00:00:00.09 . Memory (MB): peak = 2116.352 ; gain = 0.000 ; free physical = 606 ; free virtual = 2672
INFO: [Project 1-570] Preparing netlist for logic optimization

Processing XDC Constraints
Initializing timing engine
Completed Processing XDC Constraints

Netlist sorting complete. Time (s): cpu = 00:00:00 ; elapsed = 00:00:00 . Memory (MB): peak = 2262.102 ; gain = 0.000 ; free physical = 536 ; free virtual = 2602
INFO: [Project 1-111] Unisim Transformation Summary:
No Unisim elements were transformed.

Constraint Validation Runtime : Time (s): cpu = 00:00:00.22 ; elapsed = 00:00:00.06 . Memory (MB): peak = 2262.137 ; gain = 0.000 ; free physical = 531 ; free virtual = 2598
INFO: [Designutils 20-5008] Incremental synthesis strategy off
---------------------------------------------------------------------------------
Finished Constraint Validation : Time (s): cpu = 00:00:12 ; elapsed = 00:00:12 . Memory (MB): peak = 2262.137 ; gain = 657.250 ; free physical = 525 ; free virtual = 2592
---------------------------------------------------------------------------------
---------------------------------------------------------------------------------
Start Loading Part and Timing Information
---------------------------------------------------------------------------------
Loading part: xc7z010clg400-1
---------------------------------------------------------------------------------
Finished Loading Part and Timing Information : Time (s): cpu = 00:00:12 ; elapsed = 00:00:12 . Memory (MB): peak = 2262.137 ; gain = 657.250 ; free physical = 525 ; free virtual = 2592
---------------------------------------------------------------------------------
---------------------------------------------------------------------------------
Start Applying 'set_property' XDC Constraints
---------------------------------------------------------------------------------
---------------------------------------------------------------------------------
Finished applying 'set_property' XDC Constraints : Time (s): cpu = 00:00:12 ; elapsed = 00:00:12 . Memory (MB): peak = 2262.137 ; gain = 657.250 ; free physical = 525 ; free virtual = 2592
---------------------------------------------------------------------------------
INFO: [Synth 8-802] inferred FSM for state register 'current_state_reg' in module 'ascon_fsm'
---------------------------------------------------------------------------------------------------
                   State |                     New Encoding |                Previous Encoding 
---------------------------------------------------------------------------------------------------
                    IDLE |                           000001 |                              000
                   START |                           000010 |                              001
               ASCON_128 |                           000100 |                              010
             SELECT_HASH |                           001000 |                              011
                    HMAC |                           010000 |                              100
                    KMAC |                           100000 |                              101
---------------------------------------------------------------------------------------------------
INFO: [Synth 8-3354] encoded FSM with state register 'current_state_reg' using encoding 'one-hot' in module 'ascon_fsm'
---------------------------------------------------------------------------------
Finished RTL Optimization Phase 2 : Time (s): cpu = 00:00:13 ; elapsed = 00:00:13 . Memory (MB): peak = 2262.137 ; gain = 657.250 ; free physical = 524 ; free virtual = 2591
---------------------------------------------------------------------------------
---------------------------------------------------------------------------------
Start RTL Component Statistics 
---------------------------------------------------------------------------------
Detailed RTL Component Info : 
+---Adders : 
	   2 Input  128 Bit       Adders := 12    
	   2 Input    4 Bit       Adders := 1     
+---XORs : 
	   2 Input    128 Bit         XORs := 5     
	   3 Input    128 Bit         XORs := 3     
	   4 Input    128 Bit         XORs := 1     
	   4 Input     64 Bit         XORs := 12    
	   3 Input     64 Bit         XORs := 12    
	   2 Input     32 Bit         XORs := 48    
+---Registers : 
	              128 Bit    Registers := 20    
	               32 Bit    Registers := 20    
	                7 Bit    Registers := 2     
	                5 Bit    Registers := 2     
	                4 Bit    Registers := 1     
	                2 Bit    Registers := 4     
	                1 Bit    Registers := 23    
+---Muxes : 
	   5 Input   32 Bit        Muxes := 1     
	   2 Input   32 Bit        Muxes := 20    
	   2 Input    8 Bit        Muxes := 72    
	   5 Input    6 Bit        Muxes := 1     
	   2 Input    6 Bit        Muxes := 6     
	   2 Input    3 Bit        Muxes := 1     
	   5 Input    1 Bit        Muxes := 1     
	   2 Input    1 Bit        Muxes := 11    
	  20 Input    1 Bit        Muxes := 1     
---------------------------------------------------------------------------------
Finished RTL Component Statistics 
---------------------------------------------------------------------------------
---------------------------------------------------------------------------------
Start Part Resource Summary
---------------------------------------------------------------------------------
Part Resources:
DSPs: 80 (col length:40)
BRAMs: 120 (col length: RAMB18 40 RAMB36 20)
---------------------------------------------------------------------------------
Finished Part Resource Summary
---------------------------------------------------------------------------------
---------------------------------------------------------------------------------
Start Cross Boundary and Area Optimization
---------------------------------------------------------------------------------
WARNING: [Synth 8-7080] Parallel synthesis criteria is not met
WARNING: [Synth 8-7129] Port control[31] in module ascon_fsm is either unconnected or has no load
WARNING: [Synth 8-7129] Port control[30] in module ascon_fsm is either unconnected or has no load
WARNING: [Synth 8-7129] Port control[29] in module ascon_fsm is either unconnected or has no load
WARNING: [Synth 8-7129] Port control[28] in module ascon_fsm is either unconnected or has no load
WARNING: [Synth 8-7129] Port control[27] in module ascon_fsm is either unconnected or has no load
WARNING: [Synth 8-7129] Port control[26] in module ascon_fsm is either unconnected or has no load
WARNING: [Synth 8-7129] Port control[25] in module ascon_fsm is either unconnected or has no load
WARNING: [Synth 8-7129] Port control[24] in module ascon_fsm is either unconnected or has no load
WARNING: [Synth 8-7129] Port control[23] in module ascon_fsm is either unconnected or has no load
WARNING: [Synth 8-7129] Port control[22] in module ascon_fsm is either unconnected or has no load
WARNING: [Synth 8-7129] Port control[21] in module ascon_fsm is either unconnected or has no load
WARNING: [Synth 8-7129] Port control[20] in module ascon_fsm is either unconnected or has no load
WARNING: [Synth 8-7129] Port control[19] in module ascon_fsm is either unconnected or has no load
WARNING: [Synth 8-7129] Port control[18] in module ascon_fsm is either unconnected or has no load
WARNING: [Synth 8-7129] Port control[17] in module ascon_fsm is either unconnected or has no load
WARNING: [Synth 8-7129] Port control[16] in module ascon_fsm is either unconnected or has no load
WARNING: [Synth 8-7129] Port control[15] in module ascon_fsm is either unconnected or has no load
WARNING: [Synth 8-7129] Port control[14] in module ascon_fsm is either unconnected or has no load
WARNING: [Synth 8-7129] Port control[13] in module ascon_fsm is either unconnected or has no load
WARNING: [Synth 8-7129] Port control[12] in module ascon_fsm is either unconnected or has no load
WARNING: [Synth 8-7129] Port control[11] in module ascon_fsm is either unconnected or has no load
WARNING: [Synth 8-7129] Port control[10] in module ascon_fsm is either unconnected or has no load
WARNING: [Synth 8-7129] Port control[9] in module ascon_fsm is either unconnected or has no load
WARNING: [Synth 8-7129] Port control[8] in module ascon_fsm is either unconnected or has no load
WARNING: [Synth 8-7129] Port control[7] in module ascon_fsm is either unconnected or has no load
WARNING: [Synth 8-7129] Port control[6] in module ascon_fsm is either unconnected or has no load
WARNING: [Synth 8-7129] Port S_AXI_AWPROT[2] in module ascon_core_v1_0_S00_AXI is either unconnected or has no load
INFO: [Common 17-14] Message 'Synth 8-7129' appears 100 times and further instances of the messages will be disabled. Use the Tcl command set_msg_config to change the current settings.
WARNING: [Synth 8-3332] Sequential element (FSM_onehot_current_state_reg[3]) is unused and will be removed from module ascon_fsm.
WARNING: [Synth 8-3332] Sequential element (FSM_onehot_current_state_reg[0]) is unused and will be removed from module ascon_fsm.
---------------------------------------------------------------------------------
Finished Cross Boundary and Area Optimization : Time (s): cpu = 00:00:20 ; elapsed = 00:00:20 . Memory (MB): peak = 2262.137 ; gain = 657.250 ; free physical = 535 ; free virtual = 2603
---------------------------------------------------------------------------------
---------------------------------------------------------------------------------
Start Applying XDC Timing Constraints
---------------------------------------------------------------------------------
---------------------------------------------------------------------------------
Finished Applying XDC Timing Constraints : Time (s): cpu = 00:00:24 ; elapsed = 00:00:25 . Memory (MB): peak = 2262.137 ; gain = 657.250 ; free physical = 541 ; free virtual = 2608
---------------------------------------------------------------------------------
---------------------------------------------------------------------------------
Start Timing Optimization
---------------------------------------------------------------------------------
---------------------------------------------------------------------------------
Finished Timing Optimization : Time (s): cpu = 00:00:25 ; elapsed = 00:00:25 . Memory (MB): peak = 2262.137 ; gain = 657.250 ; free physical = 541 ; free virtual = 2609
---------------------------------------------------------------------------------
---------------------------------------------------------------------------------
Start Technology Mapping
---------------------------------------------------------------------------------
---------------------------------------------------------------------------------
Finished Technology Mapping : Time (s): cpu = 00:00:25 ; elapsed = 00:00:26 . Memory (MB): peak = 2262.137 ; gain = 657.250 ; free physical = 541 ; free virtual = 2609
---------------------------------------------------------------------------------
---------------------------------------------------------------------------------
Start IO Insertion
---------------------------------------------------------------------------------
---------------------------------------------------------------------------------
Start Flattening Before IO Insertion
---------------------------------------------------------------------------------
---------------------------------------------------------------------------------
Finished Flattening Before IO Insertion
---------------------------------------------------------------------------------
---------------------------------------------------------------------------------
Start Final Netlist Cleanup
---------------------------------------------------------------------------------
---------------------------------------------------------------------------------
Finished Final Netlist Cleanup
---------------------------------------------------------------------------------
---------------------------------------------------------------------------------
Finished IO Insertion : Time (s): cpu = 00:00:29 ; elapsed = 00:00:30 . Memory (MB): peak = 2262.137 ; gain = 657.250 ; free physical = 541 ; free virtual = 2609
---------------------------------------------------------------------------------
---------------------------------------------------------------------------------
Start Renaming Generated Instances
---------------------------------------------------------------------------------
---------------------------------------------------------------------------------
Finished Renaming Generated Instances : Time (s): cpu = 00:00:29 ; elapsed = 00:00:30 . Memory (MB): peak = 2262.137 ; gain = 657.250 ; free physical = 541 ; free virtual = 2609
---------------------------------------------------------------------------------
---------------------------------------------------------------------------------
Start Rebuilding User Hierarchy
---------------------------------------------------------------------------------
---------------------------------------------------------------------------------
Finished Rebuilding User Hierarchy : Time (s): cpu = 00:00:29 ; elapsed = 00:00:30 . Memory (MB): peak = 2262.137 ; gain = 657.250 ; free physical = 541 ; free virtual = 2609
---------------------------------------------------------------------------------
---------------------------------------------------------------------------------
Start Renaming Generated Ports
---------------------------------------------------------------------------------
---------------------------------------------------------------------------------
Finished Renaming Generated Ports : Time (s): cpu = 00:00:29 ; elapsed = 00:00:30 . Memory (MB): peak = 2262.137 ; gain = 657.250 ; free physical = 541 ; free virtual = 2609
---------------------------------------------------------------------------------
---------------------------------------------------------------------------------
Start Handling Custom Attributes
---------------------------------------------------------------------------------
---------------------------------------------------------------------------------
Finished Handling Custom Attributes : Time (s): cpu = 00:00:30 ; elapsed = 00:00:30 . Memory (MB): peak = 2262.137 ; gain = 657.250 ; free physical = 541 ; free virtual = 2609
---------------------------------------------------------------------------------
---------------------------------------------------------------------------------
Start Renaming Generated Nets
---------------------------------------------------------------------------------
---------------------------------------------------------------------------------
Finished Renaming Generated Nets : Time (s): cpu = 00:00:30 ; elapsed = 00:00:30 . Memory (MB): peak = 2262.137 ; gain = 657.250 ; free physical = 541 ; free virtual = 2609
---------------------------------------------------------------------------------
---------------------------------------------------------------------------------
Start Writing Synthesis Report
---------------------------------------------------------------------------------

Report BlackBoxes: 
+-+--------------+----------+
| |BlackBox name |Instances |
+-+--------------+----------+
+-+--------------+----------+

Report Cell Usage: 
+------+-------+------+
|      |Cell   |Count |
+------+-------+------+
|1     |CARRY4 |   136|
|2     |LUT1   |   289|
|3     |LUT2   |    64|
|4     |LUT3   |   993|
|5     |LUT4   |   211|
|6     |LUT5   |    39|
|7     |LUT6   |   562|
|8     |MUXF7  |    64|
|9     |FDCE   |  1205|
|10    |FDPE   |     8|
|11    |FDRE   |   646|
|12    |FDSE   |     6|
+------+-------+------+
---------------------------------------------------------------------------------
Finished Writing Synthesis Report : Time (s): cpu = 00:00:30 ; elapsed = 00:00:31 . Memory (MB): peak = 2262.137 ; gain = 657.250 ; free physical = 541 ; free virtual = 2609
---------------------------------------------------------------------------------
Synthesis finished with 0 errors, 0 critical warnings and 76 warnings.
Synthesis Optimization Runtime : Time (s): cpu = 00:00:28 ; elapsed = 00:00:29 . Memory (MB): peak = 2262.137 ; gain = 511.465 ; free physical = 541 ; free virtual = 2609
Synthesis Optimization Complete : Time (s): cpu = 00:00:30 ; elapsed = 00:00:31 . Memory (MB): peak = 2262.137 ; gain = 657.250 ; free physical = 543 ; free virtual = 2611
INFO: [Project 1-571] Translating synthesized netlist
Netlist sorting complete. Time (s): cpu = 00:00:00.05 ; elapsed = 00:00:00.05 . Memory (MB): peak = 2262.137 ; gain = 0.000 ; free physical = 839 ; free virtual = 2907
INFO: [Netlist 29-17] Analyzing 200 Unisim elements for replacement
INFO: [Netlist 29-28] Unisim Transformation completed in 0 CPU seconds
INFO: [Project 1-570] Preparing netlist for logic optimization
INFO: [Opt 31-138] Pushed 0 inverter(s) to 0 load pin(s).
Netlist sorting complete. Time (s): cpu = 00:00:00 ; elapsed = 00:00:00 . Memory (MB): peak = 2262.137 ; gain = 0.000 ; free physical = 839 ; free virtual = 2907
INFO: [Project 1-111] Unisim Transformation Summary:
No Unisim elements were transformed.

Synth Design complete | Checksum: eea3b0a5
INFO: [Common 17-83] Releasing license: Synthesis
49 Infos, 110 Warnings, 0 Critical Warnings and 0 Errors encountered.
synth_design completed successfully
synth_design: Time (s): cpu = 00:00:38 ; elapsed = 00:00:35 . Memory (MB): peak = 2262.137 ; gain = 981.586 ; free physical = 838 ; free virtual = 2906
INFO: [Common 17-2834] synth_design peak Physical Memory [PSS] (MB): overall = 1867.177; main = 1537.717; forked = 379.632
INFO: [Common 17-2834] synth_design peak Virtual Memory [VSS] (MB): overall = 3213.227; main = 2262.105; forked = 983.137
Write ShapeDB Complete: Time (s): cpu = 00:00:00.02 ; elapsed = 00:00:00 . Memory (MB): peak = 2286.113 ; gain = 0.000 ; free physical = 838 ; free virtual = 2906
INFO: [Common 17-1381] The checkpoint '/home/monsud/Scrivania/ASCON-hw/ASCON-hw.runs/design_ascon_ascon_core_0_1_synth_1/design_ascon_ascon_core_0_1.dcp' has been generated.
INFO: [Coretcl 2-1648] Added synthesis output to IP cache for IP design_ascon_ascon_core_0_1, cache-ID = 93efa243decf89fc
INFO: [Coretcl 2-1174] Renamed 35 cell refs.
Write ShapeDB Complete: Time (s): cpu = 00:00:00.01 ; elapsed = 00:00:00.01 . Memory (MB): peak = 2286.113 ; gain = 0.000 ; free physical = 817 ; free virtual = 2890
INFO: [Common 17-1381] The checkpoint '/home/monsud/Scrivania/ASCON-hw/ASCON-hw.runs/design_ascon_ascon_core_0_1_synth_1/design_ascon_ascon_core_0_1.dcp' has been generated.
INFO: [runtcl-4] Executing : report_utilization -file design_ascon_ascon_core_0_1_utilization_synth.rpt -pb design_ascon_ascon_core_0_1_utilization_synth.pb
INFO: [Common 17-206] Exiting Vivado at Mon Apr 29 12:18:25 2024...
