TRACE::2024-05-06.20:07:42::SCWBifWriter::Found the complete platform /home/monsud/Scrivania/ASCON-hw/workspace/design_ascon_wrapper/export/design_ascon_wrapper/design_ascon_wrapper.xpfm
TRACE::2024-05-06.20:07:42::SCWBifWriter::hardware databse : design_ascon_wrapper_0
TRACE::2024-05-06.20:07:42::SCWBifWriter::bitstream found in the design
TRACE::2024-05-06.20:07:42::SCWBifWriter::Found a baremetal domain, proc: ps7_cortexa9_0
TRACE::2024-05-06.20:07:42::SCWBifWriter::proc type : 
TRACE::2024-05-06.20:07:42::SCWBifWriter::proc[0] : ps7_cortexa9_0
TRACE::2024-05-06.20:07:42::SCWBifWriter::Device type is : zynq
TRACE::2024-05-06.20:07:42::SCWBifWriter::Writing BIF to file : /home/monsud/Scrivania/ASCON-hw/workspace/ascon_app_system/Hardware/system.bif
TRACE::2024-05-06.20:07:42::SCWBifWriter::Writing the Zynq Baremetal bif 
TRACE::2024-05-06.20:12:25::SCWBifWriter::Found the complete platform /home/monsud/Scrivania/ASCON-hw/workspace/design_ascon_wrapper/export/design_ascon_wrapper/design_ascon_wrapper.xpfm
TRACE::2024-05-06.20:12:25::SCWBifWriter::hardware databse : design_ascon_wrapper_0
TRACE::2024-05-06.20:12:25::SCWBifWriter::bitstream found in the design
TRACE::2024-05-06.20:12:25::SCWBifWriter::Found a baremetal domain, proc: ps7_cortexa9_0
TRACE::2024-05-06.20:12:25::SCWBifWriter::proc type : 
TRACE::2024-05-06.20:12:25::SCWBifWriter::proc[0] : ps7_cortexa9_0
TRACE::2024-05-06.20:12:25::SCWBifWriter::Device type is : zynq
TRACE::2024-05-06.20:12:25::SCWBifWriter::Writing BIF to file : /home/monsud/Scrivania/ASCON-hw/workspace/ascon_app_system/Hardware/system.bif
TRACE::2024-05-06.20:12:25::SCWBifWriter::Writing the Zynq Baremetal bif 
TRACE::2024-05-06.20:25:13::SCWBifWriter::Found the complete platform /home/monsud/Scrivania/ASCON-hw/workspace/design_ascon_wrapper/export/design_ascon_wrapper/design_ascon_wrapper.xpfm
TRACE::2024-05-06.20:25:13::SCWBifWriter::hardware databse : design_ascon_wrapper
TRACE::2024-05-06.20:25:13::SCWBifWriter::bitstream found in the design
TRACE::2024-05-06.20:25:13::SCWBifWriter::Found a baremetal domain, proc: ps7_cortexa9_0
TRACE::2024-05-06.20:25:13::SCWBifWriter::proc type : 
TRACE::2024-05-06.20:25:13::SCWBifWriter::proc[0] : ps7_cortexa9_0
TRACE::2024-05-06.20:25:13::SCWBifWriter::Device type is : zynq
TRACE::2024-05-06.20:25:13::SCWBifWriter::Writing BIF to file : /home/monsud/Scrivania/ASCON-hw/workspace/ascon_app_system/Hardware/system.bif
TRACE::2024-05-06.20:25:13::SCWBifWriter::Writing the Zynq Baremetal bif 
TRACE::2024-05-06.20:26:10::SCWBifWriter::Found the complete platform /home/monsud/Scrivania/ASCON-hw/workspace/design_ascon_wrapper/export/design_ascon_wrapper/design_ascon_wrapper.xpfm
TRACE::2024-05-06.20:26:10::SCWBifWriter::hardware databse : design_ascon_wrapper_0
TRACE::2024-05-06.20:26:10::SCWBifWriter::bitstream found in the design
TRACE::2024-05-06.20:26:10::SCWBifWriter::Found a baremetal domain, proc: ps7_cortexa9_0
TRACE::2024-05-06.20:26:10::SCWBifWriter::proc type : 
TRACE::2024-05-06.20:26:10::SCWBifWriter::proc[0] : ps7_cortexa9_0
TRACE::2024-05-06.20:26:10::SCWBifWriter::Device type is : zynq
TRACE::2024-05-06.20:26:10::SCWBifWriter::Writing BIF to file : /home/monsud/Scrivania/ASCON-hw/workspace/ascon_app_system/Hardware/system.bif
TRACE::2024-05-06.20:26:10::SCWBifWriter::Writing the Zynq Baremetal bif 
TRACE::2024-05-07.00:41:06::SCWBifWriter::Found the complete platform /home/monsud/Scrivania/ASCON-hw/workspace/design_ascon_wrapper/export/design_ascon_wrapper/design_ascon_wrapper.xpfm
TRACE::2024-05-07.00:41:06::SCWBifWriter::hardware databse : design_ascon_wrapper
TRACE::2024-05-07.00:41:06::SCWBifWriter::bitstream found in the design
TRACE::2024-05-07.00:41:06::SCWBifWriter::Found a baremetal domain, proc: ps7_cortexa9_0
TRACE::2024-05-07.00:41:06::SCWBifWriter::proc type : 
TRACE::2024-05-07.00:41:06::SCWBifWriter::proc[0] : ps7_cortexa9_0
TRACE::2024-05-07.00:41:06::SCWBifWriter::Device type is : zynq
TRACE::2024-05-07.00:41:06::SCWBifWriter::Writing BIF to file : /home/monsud/Scrivania/ASCON-hw/workspace/ascon_app_system/Hardware/system.bif
TRACE::2024-05-07.00:41:06::SCWBifWriter::Writing the Zynq Baremetal bif 
TRACE::2024-05-07.00:54:07::SCWBifWriter::Found the complete platform /home/monsud/Scrivania/ASCON-hw/workspace/design_ascon_wrapper/export/design_ascon_wrapper/design_ascon_wrapper.xpfm
TRACE::2024-05-07.00:54:07::SCWBifWriter::hardware databse : design_ascon_wrapper
TRACE::2024-05-07.00:54:07::SCWBifWriter::bitstream found in the design
TRACE::2024-05-07.00:54:07::SCWBifWriter::Found a baremetal domain, proc: ps7_cortexa9_0
TRACE::2024-05-07.00:54:07::SCWBifWriter::proc type : 
TRACE::2024-05-07.00:54:07::SCWBifWriter::proc[0] : ps7_cortexa9_0
TRACE::2024-05-07.00:54:07::SCWBifWriter::Device type is : zynq
TRACE::2024-05-07.00:54:07::SCWBifWriter::Writing BIF to file : /home/monsud/Scrivania/ASCON-hw/workspace/ascon_app_system/Hardware/system.bif
TRACE::2024-05-07.00:54:07::SCWBifWriter::Writing the Zynq Baremetal bif 
TRACE::2024-05-07.00:58:14::SCWBifWriter::Found the complete platform /home/monsud/Scrivania/ASCON-hw/workspace/design_ascon_wrapper/export/design_ascon_wrapper/design_ascon_wrapper.xpfm
TRACE::2024-05-07.00:58:14::SCWBifWriter::hardware databse : design_ascon_wrapper
TRACE::2024-05-07.00:58:14::SCWBifWriter::bitstream found in the design
TRACE::2024-05-07.00:58:14::SCWBifWriter::Found a baremetal domain, proc: ps7_cortexa9_0
TRACE::2024-05-07.00:58:14::SCWBifWriter::proc type : 
TRACE::2024-05-07.00:58:14::SCWBifWriter::proc[0] : ps7_cortexa9_0
TRACE::2024-05-07.00:58:14::SCWBifWriter::Device type is : zynq
TRACE::2024-05-07.00:58:14::SCWBifWriter::Writing BIF to file : /home/monsud/Scrivania/ASCON-hw/workspace/ascon_app_system/Hardware/system.bif
TRACE::2024-05-07.00:58:14::SCWBifWriter::Writing the Zynq Baremetal bif 
TRACE::2024-05-07.01:05:24::SCWBifWriter::Found the complete platform /home/monsud/Scrivania/ASCON-hw/workspace/design_ascon_wrapper/export/design_ascon_wrapper/design_ascon_wrapper.xpfm
TRACE::2024-05-07.01:05:24::SCWBifWriter::hardware databse : design_ascon_wrapper_2
TRACE::2024-05-07.01:05:24::SCWBifWriter::bitstream found in the design
TRACE::2024-05-07.01:05:24::SCWBifWriter::Found a baremetal domain, proc: ps7_cortexa9_0
TRACE::2024-05-07.01:05:24::SCWBifWriter::proc type : 
TRACE::2024-05-07.01:05:24::SCWBifWriter::proc[0] : ps7_cortexa9_0
TRACE::2024-05-07.01:05:24::SCWBifWriter::Device type is : zynq
TRACE::2024-05-07.01:05:24::SCWBifWriter::Writing BIF to file : /home/monsud/Scrivania/ASCON-hw/workspace/ascon_app_system/Hardware/system.bif
TRACE::2024-05-07.01:05:24::SCWBifWriter::Writing the Zynq Baremetal bif 
TRACE::2024-05-07.01:12:13::SCWBifWriter::Found the complete platform /home/monsud/Scrivania/ASCON-hw/workspace/design_ascon_wrapper/export/design_ascon_wrapper/design_ascon_wrapper.xpfm
TRACE::2024-05-07.01:12:13::SCWBifWriter::hardware databse : design_ascon_wrapper
TRACE::2024-05-07.01:12:13::SCWBifWriter::bitstream found in the design
TRACE::2024-05-07.01:12:13::SCWBifWriter::Found a baremetal domain, proc: ps7_cortexa9_0
TRACE::2024-05-07.01:12:13::SCWBifWriter::proc type : 
TRACE::2024-05-07.01:12:13::SCWBifWriter::proc[0] : ps7_cortexa9_0
TRACE::2024-05-07.01:12:13::SCWBifWriter::Device type is : zynq
TRACE::2024-05-07.01:12:13::SCWBifWriter::Writing BIF to file : /home/monsud/Scrivania/ASCON-hw/workspace/ascon_app_system/Hardware/system.bif
TRACE::2024-05-07.01:12:13::SCWBifWriter::Writing the Zynq Baremetal bif 
