Copyright 1986-2022 Xilinx, Inc. All Rights Reserved. Copyright 2022-2023 Advanced Micro Devices, Inc. All Rights Reserved.
---------------------------------------------------------------------------------------------------------------------------------------------
| Tool Version : Vivado v.2023.2 (lin64) Build 4029153 Fri Oct 13 20:13:54 MDT 2023
| Date         : Thu Jun 20 12:26:28 2024
| Host         : archbook running 64-bit Arch Linux
| Command      : report_control_sets -verbose -file design_ascon_wrapper_control_sets_placed.rpt
| Design       : design_ascon_wrapper
| Device       : xc7z010
---------------------------------------------------------------------------------------------------------------------------------------------

Control Set Information

Table of Contents
-----------------
1. Summary
2. Histogram
3. Flip-Flop Distribution
4. Detailed Control Set Information

1. Summary
----------

+----------------------------------------------------------+-------+
|                          Status                          | Count |
+----------------------------------------------------------+-------+
| Total control sets                                       |    98 |
|    Minimum number of control sets                        |    98 |
|    Addition due to synthesis replication                 |     0 |
|    Addition due to physical synthesis replication        |     0 |
| Unused register locations in slices containing registers |   127 |
+----------------------------------------------------------+-------+
* Control sets can be merged at opt_design using control_set_merge or merge_equivalent_drivers
** Run report_qor_suggestions for automated merging and remapping suggestions


2. Histogram
------------

+--------------------+-------+
|       Fanout       | Count |
+--------------------+-------+
| Total control sets |    98 |
| >= 0 to < 4        |     4 |
| >= 4 to < 6        |     9 |
| >= 6 to < 8        |     4 |
| >= 8 to < 10       |    53 |
| >= 10 to < 12      |     2 |
| >= 12 to < 14      |     5 |
| >= 14 to < 16      |     2 |
| >= 16              |    19 |
+--------------------+-------+
* Control sets can be remapped at either synth_design or opt_design


3. Flip-Flop Distribution
-------------------------

+--------------+-----------------------+------------------------+-----------------+--------------+
| Clock Enable | Synchronous Set/Reset | Asynchronous Set/Reset | Total Registers | Total Slices |
+--------------+-----------------------+------------------------+-----------------+--------------+
| No           | No                    | No                     |             543 |          174 |
| No           | No                    | Yes                    |               3 |            1 |
| No           | Yes                   | No                     |              59 |           24 |
| Yes          | No                    | No                     |             902 |          286 |
| Yes          | No                    | Yes                    |            8693 |         1415 |
| Yes          | Yes                   | No                     |             145 |           53 |
+--------------+-----------------------+------------------------+-----------------+--------------+


4. Detailed Control Set Information
-----------------------------------

+-----------------------------------------------------+--------------------------------------------------------------------------------------------------------------------------------------------------------------------+-----------------------------------------------------------------------------------------------------------------------------------------------------------+------------------+----------------+--------------+
|                     Clock Signal                    |                                                                            Enable Signal                                                                           |                                                                      Set/Reset Signal                                                                     | Slice Load Count | Bel Load Count | Bels / Slice |
+-----------------------------------------------------+--------------------------------------------------------------------------------------------------------------------------------------------------------------------+-----------------------------------------------------------------------------------------------------------------------------------------------------------+------------------+----------------+--------------+
|  design_ascon_i/processing_system7_0/inst/FCLK_CLK0 | design_ascon_i/ps7_0_axi_periph/s00_couplers/auto_pc/inst/gen_axilite.gen_b2s_conv.axilite_b2s/WR.aw_channel_0/aw_cmd_fsm_0/FSM_sequential_state_reg[0]_1          | design_ascon_i/ps7_0_axi_periph/s00_couplers/auto_pc/inst/gen_axilite.gen_b2s_conv.axilite_b2s/WR.aw_channel_0/aw_cmd_fsm_0/FSM_sequential_state_reg[0]_0 |                1 |              1 |         1.00 |
|  design_ascon_i/processing_system7_0/inst/FCLK_CLK0 | design_ascon_i/ps7_0_axi_periph/s00_couplers/auto_pc/inst/gen_axilite.gen_b2s_conv.axilite_b2s/WR.b_channel_0/bid_fifo_0/sel                                       |                                                                                                                                                           |                1 |              2 |         2.00 |
|  design_ascon_i/processing_system7_0/inst/FCLK_CLK0 |                                                                                                                                                                    | design_ascon_i/rst_ps7_0_50M/U0/peripheral_aresetn[0]                                                                                                     |                1 |              3 |         3.00 |
|  design_ascon_i/processing_system7_0/inst/FCLK_CLK0 | design_ascon_i/ascon_core_0/inst/ascon_core_v1_1_S_AXI_INTR_inst/sel                                                                                               | design_ascon_i/ascon_core_0/inst/ascon_core_v1_1_S_AXI_INTR_inst/reg_data_out0                                                                            |                1 |              3 |         3.00 |
|  design_ascon_i/processing_system7_0/inst/FCLK_CLK0 | design_ascon_i/ps7_0_axi_periph/s00_couplers/auto_pc/inst/gen_axilite.gen_b2s_conv.axilite_b2s/RD.ar_channel_0/ar_cmd_fsm_0/m_axi_arready_2                        | design_ascon_i/ps7_0_axi_periph/s00_couplers/auto_pc/inst/gen_axilite.gen_b2s_conv.axilite_b2s/RD.ar_channel_0/ar_cmd_fsm_0/FSM_sequential_state_reg[1]_0 |                2 |              4 |         2.00 |
|  design_ascon_i/processing_system7_0/inst/FCLK_CLK0 | design_ascon_i/ascon_core_0/inst/ascon_core_v1_1_S00_AXI_inst/slv_reg5[23]_i_1_n_0                                                                                 |                                                                                                                                                           |                2 |              4 |         2.00 |
|  design_ascon_i/processing_system7_0/inst/FCLK_CLK0 | design_ascon_i/ascon_core_0/inst/ascon_core_v1_1_S00_AXI_inst/slv_reg5[23]_i_1_n_0                                                                                 | design_ascon_i/ascon_core_0/inst/ascon_core_v1_1_S00_AXI_inst/slv_reg5[22]_i_1_n_0                                                                        |                1 |              4 |         4.00 |
|  design_ascon_i/processing_system7_0/inst/FCLK_CLK0 |                                                                                                                                                                    | design_ascon_i/ps7_0_axi_periph/s00_couplers/auto_pc/inst/gen_axilite.gen_b2s_conv.axilite_b2s/SI_REG/aw.aw_pipe/aresetn_d_reg[0]_0                       |                2 |              4 |         2.00 |
|  design_ascon_i/processing_system7_0/inst/FCLK_CLK0 |                                                                                                                                                                    | design_ascon_i/ps7_0_axi_periph/s00_couplers/auto_pc/inst/gen_axilite.gen_b2s_conv.axilite_b2s/SI_REG/ar.ar_pipe/aresetn_d_reg[1]_inv_0                   |                2 |              4 |         2.00 |
|  design_ascon_i/processing_system7_0/inst/FCLK_CLK0 |                                                                                                                                                                    | design_ascon_i/ascon_core_0/inst/ascon_core_v1_1_S_AXI_INTR_inst/i___6_n_0                                                                                |                2 |              4 |         2.00 |
|  design_ascon_i/processing_system7_0/inst/FCLK_CLK0 |                                                                                                                                                                    | design_ascon_i/rst_ps7_0_50M/U0/EXT_LPF/lpf_int                                                                                                           |                1 |              4 |         4.00 |
|  design_ascon_i/processing_system7_0/inst/FCLK_CLK0 | design_ascon_i/ps7_0_axi_periph/s00_couplers/auto_pc/inst/gen_axilite.gen_b2s_conv.axilite_b2s/RD.r_channel_0/transaction_fifo_0/cnt_read[4]_i_1_n_0               | design_ascon_i/ps7_0_axi_periph/s00_couplers/auto_pc/inst/gen_axilite.gen_b2s_conv.axilite_b2s/areset_d1                                                  |                2 |              5 |         2.50 |
|  design_ascon_i/processing_system7_0/inst/FCLK_CLK0 | design_ascon_i/ps7_0_axi_periph/s00_couplers/auto_pc/inst/gen_axilite.gen_b2s_conv.axilite_b2s/RD.r_channel_0/rd_data_fifo_0/cnt_read[4]_i_1__0_n_0                | design_ascon_i/ps7_0_axi_periph/s00_couplers/auto_pc/inst/gen_axilite.gen_b2s_conv.axilite_b2s/areset_d1                                                  |                1 |              5 |         5.00 |
|  design_ascon_i/processing_system7_0/inst/FCLK_CLK0 |                                                                                                                                                                    | design_ascon_i/ascon_core_0/inst/ascon_core_v1_1_S00_AXI_inst/data0                                                                                       |                3 |              6 |         2.00 |
|  design_ascon_i/processing_system7_0/inst/FCLK_CLK0 | design_ascon_i/rst_ps7_0_50M/U0/SEQ/seq_cnt_en                                                                                                                     | design_ascon_i/rst_ps7_0_50M/U0/SEQ/SEQ_COUNTER/clear                                                                                                     |                1 |              6 |         6.00 |
|  design_ascon_i/processing_system7_0/inst/FCLK_CLK0 | design_ascon_i/ascon_core_0/inst/ascon_core_v1_1_S00_AXI_inst/u_ascon_top/fsm_inst/FSM_onehot_current_state[5]_i_1_n_0                                             | design_ascon_i/rst_ps7_0_50M/U0/peripheral_aresetn[0]                                                                                                     |                2 |              6 |         3.00 |
|  design_ascon_i/processing_system7_0/inst/FCLK_CLK0 | design_ascon_i/ascon_core_0/inst/ascon_core_v1_1_S00_AXI_inst/axi_arready0                                                                                         | design_ascon_i/ascon_core_0/inst/ascon_core_v1_1_S00_AXI_inst/data0                                                                                       |                4 |              7 |         1.75 |
|  design_ascon_i/processing_system7_0/inst/FCLK_CLK0 | design_ascon_i/ascon_core_0/inst/ascon_core_v1_1_S00_AXI_inst/slv_reg6[15]_i_1_n_0                                                                                 |                                                                                                                                                           |                3 |              8 |         2.67 |
|  design_ascon_i/processing_system7_0/inst/FCLK_CLK0 | design_ascon_i/ascon_core_0/inst/ascon_core_v1_1_S00_AXI_inst/slv_reg3[31]_i_1_n_0                                                                                 |                                                                                                                                                           |                3 |              8 |         2.67 |
|  design_ascon_i/processing_system7_0/inst/FCLK_CLK0 | design_ascon_i/ascon_core_0/inst/ascon_core_v1_1_S00_AXI_inst/slv_reg5[15]_i_1_n_0                                                                                 |                                                                                                                                                           |                3 |              8 |         2.67 |
|  design_ascon_i/processing_system7_0/inst/FCLK_CLK0 | design_ascon_i/ascon_core_0/inst/ascon_core_v1_1_S00_AXI_inst/slv_reg4[7]_i_2_n_0                                                                                  | design_ascon_i/ascon_core_0/inst/ascon_core_v1_1_S00_AXI_inst/slv_reg4[7]_i_1_n_0                                                                         |                2 |              8 |         4.00 |
|  design_ascon_i/processing_system7_0/inst/FCLK_CLK0 | design_ascon_i/ascon_core_0/inst/ascon_core_v1_1_S00_AXI_inst/slv_reg4[31]_i_2_n_0                                                                                 | design_ascon_i/ascon_core_0/inst/ascon_core_v1_1_S00_AXI_inst/slv_reg4[31]_i_1_n_0                                                                        |                2 |              8 |         4.00 |
|  design_ascon_i/processing_system7_0/inst/FCLK_CLK0 | design_ascon_i/ascon_core_0/inst/ascon_core_v1_1_S00_AXI_inst/slv_reg3[7]_i_1_n_0                                                                                  |                                                                                                                                                           |                2 |              8 |         4.00 |
|  design_ascon_i/processing_system7_0/inst/FCLK_CLK0 | design_ascon_i/ascon_core_0/inst/ascon_core_v1_1_S00_AXI_inst/slv_reg4[15]_i_2_n_0                                                                                 | design_ascon_i/ascon_core_0/inst/ascon_core_v1_1_S00_AXI_inst/slv_reg4[15]_i_1_n_0                                                                        |                3 |              8 |         2.67 |
|  design_ascon_i/processing_system7_0/inst/FCLK_CLK0 | design_ascon_i/ascon_core_0/inst/ascon_core_v1_1_S00_AXI_inst/slv_reg2[7]_i_1_n_0                                                                                  |                                                                                                                                                           |                2 |              8 |         4.00 |
|  design_ascon_i/processing_system7_0/inst/FCLK_CLK0 | design_ascon_i/ascon_core_0/inst/ascon_core_v1_1_S00_AXI_inst/slv_reg3[15]_i_1_n_0                                                                                 |                                                                                                                                                           |                4 |              8 |         2.00 |
|  design_ascon_i/processing_system7_0/inst/FCLK_CLK0 | design_ascon_i/ascon_core_0/inst/ascon_core_v1_1_S00_AXI_inst/slv_reg3[23]_i_1_n_0                                                                                 |                                                                                                                                                           |                3 |              8 |         2.67 |
|  design_ascon_i/processing_system7_0/inst/FCLK_CLK0 | design_ascon_i/ascon_core_0/inst/ascon_core_v1_1_S00_AXI_inst/slv_reg4[23]_i_2_n_0                                                                                 | design_ascon_i/ascon_core_0/inst/ascon_core_v1_1_S00_AXI_inst/slv_reg4[23]_i_1_n_0                                                                        |                2 |              8 |         4.00 |
|  design_ascon_i/processing_system7_0/inst/FCLK_CLK0 | design_ascon_i/ascon_core_0/inst/ascon_core_v1_1_S00_AXI_inst/slv_reg2[31]_i_1_n_0                                                                                 |                                                                                                                                                           |                4 |              8 |         2.00 |
|  design_ascon_i/processing_system7_0/inst/FCLK_CLK0 | design_ascon_i/ps7_0_axi_periph/s00_couplers/auto_pc/inst/gen_axilite.gen_b2s_conv.axilite_b2s/WR.b_channel_0/mhandshake_r                                         | design_ascon_i/ps7_0_axi_periph/s00_couplers/auto_pc/inst/gen_axilite.gen_b2s_conv.axilite_b2s/WR.b_channel_0/bid_fifo_0/SR[0]                            |                2 |              8 |         4.00 |
|  design_ascon_i/processing_system7_0/inst/FCLK_CLK0 | design_ascon_i/ascon_core_0/inst/ascon_core_v1_1_S00_AXI_inst/slv_reg5[31]_i_1_n_0                                                                                 |                                                                                                                                                           |                2 |              8 |         4.00 |
|  design_ascon_i/processing_system7_0/inst/FCLK_CLK0 | design_ascon_i/ascon_core_0/inst/ascon_core_v1_1_S00_AXI_inst/slv_reg5[7]_i_1_n_0                                                                                  |                                                                                                                                                           |                3 |              8 |         2.67 |
|  design_ascon_i/processing_system7_0/inst/FCLK_CLK0 | design_ascon_i/ascon_core_0/inst/ascon_core_v1_1_S00_AXI_inst/slv_reg6[23]_i_1_n_0                                                                                 |                                                                                                                                                           |                2 |              8 |         4.00 |
|  design_ascon_i/processing_system7_0/inst/FCLK_CLK0 | design_ascon_i/ascon_core_0/inst/ascon_core_v1_1_S00_AXI_inst/slv_reg8[15]_i_1_n_0                                                                                 |                                                                                                                                                           |                3 |              8 |         2.67 |
|  design_ascon_i/processing_system7_0/inst/FCLK_CLK0 | design_ascon_i/ascon_core_0/inst/ascon_core_v1_1_S00_AXI_inst/slv_reg6[31]_i_1_n_0                                                                                 |                                                                                                                                                           |                2 |              8 |         4.00 |
|  design_ascon_i/processing_system7_0/inst/FCLK_CLK0 | design_ascon_i/ascon_core_0/inst/ascon_core_v1_1_S00_AXI_inst/slv_reg7[23]_i_1_n_0                                                                                 |                                                                                                                                                           |                4 |              8 |         2.00 |
|  design_ascon_i/processing_system7_0/inst/FCLK_CLK0 | design_ascon_i/ascon_core_0/inst/ascon_core_v1_1_S00_AXI_inst/slv_reg7[15]_i_1_n_0                                                                                 |                                                                                                                                                           |                2 |              8 |         4.00 |
|  design_ascon_i/processing_system7_0/inst/FCLK_CLK0 | design_ascon_i/ascon_core_0/inst/ascon_core_v1_1_S00_AXI_inst/slv_reg6[7]_i_1_n_0                                                                                  |                                                                                                                                                           |                4 |              8 |         2.00 |
|  design_ascon_i/processing_system7_0/inst/FCLK_CLK0 | design_ascon_i/ascon_core_0/inst/ascon_core_v1_1_S00_AXI_inst/slv_reg7[31]_i_1_n_0                                                                                 |                                                                                                                                                           |                3 |              8 |         2.67 |
|  design_ascon_i/processing_system7_0/inst/FCLK_CLK0 | design_ascon_i/ascon_core_0/inst/ascon_core_v1_1_S00_AXI_inst/slv_reg7[7]_i_1_n_0                                                                                  |                                                                                                                                                           |                2 |              8 |         4.00 |
|  design_ascon_i/processing_system7_0/inst/FCLK_CLK0 | design_ascon_i/ascon_core_0/inst/ascon_core_v1_1_S00_AXI_inst/slv_reg8[23]_i_1_n_0                                                                                 |                                                                                                                                                           |                4 |              8 |         2.00 |
|  design_ascon_i/processing_system7_0/inst/FCLK_CLK0 | design_ascon_i/ascon_core_0/inst/ascon_core_v1_1_S00_AXI_inst/slv_reg8[31]_i_1_n_0                                                                                 |                                                                                                                                                           |                3 |              8 |         2.67 |
|  design_ascon_i/processing_system7_0/inst/FCLK_CLK0 | design_ascon_i/ascon_core_0/inst/ascon_core_v1_1_S00_AXI_inst/p_0_in[7]                                                                                            |                                                                                                                                                           |                5 |              8 |         1.60 |
|  design_ascon_i/processing_system7_0/inst/FCLK_CLK0 | design_ascon_i/ascon_core_0/inst/ascon_core_v1_1_S00_AXI_inst/p_0_in[15]                                                                                           |                                                                                                                                                           |                2 |              8 |         4.00 |
|  design_ascon_i/processing_system7_0/inst/FCLK_CLK0 | design_ascon_i/ascon_core_0/inst/ascon_core_v1_1_S00_AXI_inst/p_0_in[23]                                                                                           |                                                                                                                                                           |                2 |              8 |         4.00 |
|  design_ascon_i/processing_system7_0/inst/FCLK_CLK0 | design_ascon_i/ascon_core_0/inst/ascon_core_v1_1_S00_AXI_inst/p_0_in[31]                                                                                           |                                                                                                                                                           |                4 |              8 |         2.00 |
|  design_ascon_i/processing_system7_0/inst/FCLK_CLK0 | design_ascon_i/ascon_core_0/inst/ascon_core_v1_1_S00_AXI_inst/slv_reg2[15]_i_1_n_0                                                                                 |                                                                                                                                                           |                3 |              8 |         2.67 |
|  design_ascon_i/processing_system7_0/inst/FCLK_CLK0 | design_ascon_i/ascon_core_0/inst/ascon_core_v1_1_S00_AXI_inst/slv_reg2[23]_i_1_n_0                                                                                 |                                                                                                                                                           |                3 |              8 |         2.67 |
|  design_ascon_i/processing_system7_0/inst/FCLK_CLK0 | design_ascon_i/ascon_core_0/inst/ascon_core_v1_1_S00_AXI_inst/slv_reg10[15]_i_1_n_0                                                                                |                                                                                                                                                           |                2 |              8 |         4.00 |
|  design_ascon_i/processing_system7_0/inst/FCLK_CLK0 | design_ascon_i/ascon_core_0/inst/ascon_core_v1_1_S00_AXI_inst/slv_reg11[31]_i_1_n_0                                                                                |                                                                                                                                                           |                5 |              8 |         1.60 |
|  design_ascon_i/processing_system7_0/inst/FCLK_CLK0 | design_ascon_i/ascon_core_0/inst/ascon_core_v1_1_S00_AXI_inst/slv_reg11[7]_i_1_n_0                                                                                 |                                                                                                                                                           |                3 |              8 |         2.67 |
|  design_ascon_i/processing_system7_0/inst/FCLK_CLK0 | design_ascon_i/ascon_core_0/inst/ascon_core_v1_1_S00_AXI_inst/slv_reg24[31]_i_1_n_0                                                                                |                                                                                                                                                           |                4 |              8 |         2.00 |
|  design_ascon_i/processing_system7_0/inst/FCLK_CLK0 | design_ascon_i/ascon_core_0/inst/ascon_core_v1_1_S00_AXI_inst/slv_reg1[15]_i_1_n_0                                                                                 |                                                                                                                                                           |                3 |              8 |         2.67 |
|  design_ascon_i/processing_system7_0/inst/FCLK_CLK0 | design_ascon_i/ascon_core_0/inst/ascon_core_v1_1_S00_AXI_inst/slv_reg1[23]_i_1_n_0                                                                                 |                                                                                                                                                           |                4 |              8 |         2.00 |
|  design_ascon_i/processing_system7_0/inst/FCLK_CLK0 | design_ascon_i/ascon_core_0/inst/ascon_core_v1_1_S00_AXI_inst/slv_reg1[31]_i_1_n_0                                                                                 |                                                                                                                                                           |                4 |              8 |         2.00 |
|  design_ascon_i/processing_system7_0/inst/FCLK_CLK0 | design_ascon_i/ascon_core_0/inst/ascon_core_v1_1_S00_AXI_inst/slv_reg1[7]_i_1_n_0                                                                                  |                                                                                                                                                           |                3 |              8 |         2.67 |
|  design_ascon_i/processing_system7_0/inst/FCLK_CLK0 | design_ascon_i/ascon_core_0/inst/ascon_core_v1_1_S00_AXI_inst/slv_reg24[15]_i_1_n_0                                                                                |                                                                                                                                                           |                4 |              8 |         2.00 |
|  design_ascon_i/processing_system7_0/inst/FCLK_CLK0 | design_ascon_i/ascon_core_0/inst/ascon_core_v1_1_S00_AXI_inst/slv_reg24[23]_i_1_n_0                                                                                |                                                                                                                                                           |                3 |              8 |         2.67 |
|  design_ascon_i/processing_system7_0/inst/FCLK_CLK0 | design_ascon_i/ascon_core_0/inst/ascon_core_v1_1_S00_AXI_inst/slv_reg9[7]_i_1_n_0                                                                                  |                                                                                                                                                           |                3 |              8 |         2.67 |
|  design_ascon_i/processing_system7_0/inst/FCLK_CLK0 | design_ascon_i/ascon_core_0/inst/ascon_core_v1_1_S00_AXI_inst/slv_reg9[31]_i_1_n_0                                                                                 |                                                                                                                                                           |                3 |              8 |         2.67 |
|  design_ascon_i/processing_system7_0/inst/FCLK_CLK0 | design_ascon_i/ascon_core_0/inst/ascon_core_v1_1_S00_AXI_inst/slv_reg9[23]_i_1_n_0                                                                                 |                                                                                                                                                           |                2 |              8 |         4.00 |
|  design_ascon_i/processing_system7_0/inst/FCLK_CLK0 | design_ascon_i/ascon_core_0/inst/ascon_core_v1_1_S00_AXI_inst/slv_reg9[15]_i_1_n_0                                                                                 |                                                                                                                                                           |                3 |              8 |         2.67 |
|  design_ascon_i/processing_system7_0/inst/FCLK_CLK0 | design_ascon_i/ascon_core_0/inst/ascon_core_v1_1_S00_AXI_inst/slv_reg8[7]_i_1_n_0                                                                                  |                                                                                                                                                           |                3 |              8 |         2.67 |
|  design_ascon_i/processing_system7_0/inst/FCLK_CLK0 | design_ascon_i/ascon_core_0/inst/ascon_core_v1_1_S00_AXI_inst/axi_awready0                                                                                         | design_ascon_i/ascon_core_0/inst/ascon_core_v1_1_S00_AXI_inst/data0                                                                                       |                3 |              8 |         2.67 |
|  design_ascon_i/processing_system7_0/inst/FCLK_CLK0 | design_ascon_i/ascon_core_0/inst/ascon_core_v1_1_S00_AXI_inst/slv_reg10[23]_i_1_n_0                                                                                |                                                                                                                                                           |                3 |              8 |         2.67 |
|  design_ascon_i/processing_system7_0/inst/FCLK_CLK0 | design_ascon_i/ascon_core_0/inst/ascon_core_v1_1_S00_AXI_inst/slv_reg10[31]_i_1_n_0                                                                                |                                                                                                                                                           |                3 |              8 |         2.67 |
|  design_ascon_i/processing_system7_0/inst/FCLK_CLK0 | design_ascon_i/ascon_core_0/inst/ascon_core_v1_1_S00_AXI_inst/slv_reg10[7]_i_1_n_0                                                                                 |                                                                                                                                                           |                4 |              8 |         2.00 |
|  design_ascon_i/processing_system7_0/inst/FCLK_CLK0 | design_ascon_i/ascon_core_0/inst/ascon_core_v1_1_S00_AXI_inst/slv_reg11[15]_i_1_n_0                                                                                |                                                                                                                                                           |                2 |              8 |         4.00 |
|  design_ascon_i/processing_system7_0/inst/FCLK_CLK0 | design_ascon_i/ascon_core_0/inst/ascon_core_v1_1_S00_AXI_inst/slv_reg11[23]_i_1_n_0                                                                                |                                                                                                                                                           |                4 |              8 |         2.00 |
|  design_ascon_i/processing_system7_0/inst/FCLK_CLK0 | design_ascon_i/ascon_core_0/inst/ascon_core_v1_1_S00_AXI_inst/slv_reg24[7]_i_1_n_0                                                                                 |                                                                                                                                                           |                4 |              8 |         2.00 |
|  design_ascon_i/processing_system7_0/inst/FCLK_CLK0 |                                                                                                                                                                    | design_ascon_i/ps7_0_axi_periph/s00_couplers/auto_pc/inst/gen_axilite.gen_b2s_conv.axilite_b2s/areset_d1                                                  |                5 |             10 |         2.00 |
|  design_ascon_i/processing_system7_0/inst/FCLK_CLK0 |                                                                                                                                                                    | design_ascon_i/ps7_0_axi_periph/xbar/inst/gen_sasd.crossbar_sasd_0/addr_arbiter_inst/SR[0]                                                                |                3 |             11 |         3.67 |
|  design_ascon_i/processing_system7_0/inst/FCLK_CLK0 | design_ascon_i/ps7_0_axi_periph/s00_couplers/auto_pc/inst/gen_axilite.gen_b2s_conv.axilite_b2s/RD.ar_channel_0/ar_cmd_fsm_0/E[0]                                   |                                                                                                                                                           |                5 |             12 |         2.40 |
|  design_ascon_i/processing_system7_0/inst/FCLK_CLK0 | design_ascon_i/ps7_0_axi_periph/s00_couplers/auto_pc/inst/gen_axilite.gen_b2s_conv.axilite_b2s/RD.ar_channel_0/ar_cmd_fsm_0/sel_first_reg[0]                       |                                                                                                                                                           |                3 |             12 |         4.00 |
|  design_ascon_i/processing_system7_0/inst/FCLK_CLK0 | design_ascon_i/ps7_0_axi_periph/s00_couplers/auto_pc/inst/gen_axilite.gen_b2s_conv.axilite_b2s/WR.aw_channel_0/aw_cmd_fsm_0/m_valid_i_reg[0]                       |                                                                                                                                                           |                7 |             12 |         1.71 |
|  design_ascon_i/processing_system7_0/inst/FCLK_CLK0 | design_ascon_i/ps7_0_axi_periph/s00_couplers/auto_pc/inst/gen_axilite.gen_b2s_conv.axilite_b2s/WR.aw_channel_0/cmd_translator_0/incr_cmd_0/axaddr_incr[11]_i_1_n_0 |                                                                                                                                                           |                3 |             12 |         4.00 |
|  design_ascon_i/processing_system7_0/inst/FCLK_CLK0 | design_ascon_i/ps7_0_axi_periph/s00_couplers/auto_pc/inst/gen_axilite.gen_b2s_conv.axilite_b2s/RD.r_channel_0/r_push_r                                             |                                                                                                                                                           |                4 |             13 |         3.25 |
|  design_ascon_i/processing_system7_0/inst/FCLK_CLK0 | design_ascon_i/ps7_0_axi_periph/s00_couplers/auto_pc/inst/gen_axilite.gen_b2s_conv.axilite_b2s/SI_REG/b.b_pipe/p_1_in                                              |                                                                                                                                                           |                3 |             14 |         4.67 |
|  design_ascon_i/processing_system7_0/inst/FCLK_CLK0 | design_ascon_i/ps7_0_axi_periph/s00_couplers/auto_pc/inst/gen_axilite.gen_b2s_conv.axilite_b2s/SI_REG/b.b_pipe/s_ready_i_reg_0                                     |                                                                                                                                                           |                3 |             14 |         4.67 |
|  design_ascon_i/processing_system7_0/inst/FCLK_CLK0 |                                                                                                                                                                    | design_ascon_i/ascon_core_0/inst/ascon_core_v1_1_S_AXI_INTR_inst/reg_data_out0                                                                            |                6 |             16 |         2.67 |
|  design_ascon_i/processing_system7_0/inst/FCLK_CLK0 | design_ascon_i/ps7_0_axi_periph/s00_couplers/auto_pc/inst/gen_axilite.gen_b2s_conv.axilite_b2s/WR.aw_channel_0/aw_cmd_fsm_0/m_axi_awready_0                        |                                                                                                                                                           |                3 |             16 |         5.33 |
|  design_ascon_i/processing_system7_0/inst/FCLK_CLK0 | design_ascon_i/ps7_0_axi_periph/s00_couplers/auto_pc/inst/gen_axilite.gen_b2s_conv.axilite_b2s/RD.ar_channel_0/ar_cmd_fsm_0/m_axi_arready_2                        |                                                                                                                                                           |               12 |             21 |         1.75 |
|  design_ascon_i/processing_system7_0/inst/FCLK_CLK0 | design_ascon_i/ps7_0_axi_periph/s00_couplers/auto_pc/inst/gen_axilite.gen_b2s_conv.axilite_b2s/WR.aw_channel_0/aw_cmd_fsm_0/FSM_sequential_state_reg[0]_1          |                                                                                                                                                           |               10 |             24 |         2.40 |
|  design_ascon_i/processing_system7_0/inst/FCLK_CLK0 | design_ascon_i/ps7_0_axi_periph/xbar/inst/gen_sasd.crossbar_sasd_0/addr_arbiter_inst/p_0_in1_in                                                                    | design_ascon_i/ps7_0_axi_periph/xbar/inst/gen_sasd.crossbar_sasd_0/addr_arbiter_inst/SR[0]                                                                |               12 |             30 |         2.50 |
|  design_ascon_i/processing_system7_0/inst/FCLK_CLK0 | design_ascon_i/ascon_core_0/inst/ascon_core_v1_1_S00_AXI_inst/slv_reg_rden                                                                                         | design_ascon_i/ascon_core_0/inst/ascon_core_v1_1_S00_AXI_inst/data0                                                                                       |               14 |             32 |         2.29 |
|  design_ascon_i/processing_system7_0/inst/FCLK_CLK0 | design_ascon_i/ps7_0_axi_periph/s00_couplers/auto_pc/inst/gen_axilite.gen_b2s_conv.axilite_b2s/RD.r_channel_0/rd_data_fifo_0/wr_en0                                |                                                                                                                                                           |                9 |             34 |         3.78 |
|  design_ascon_i/processing_system7_0/inst/FCLK_CLK0 | design_ascon_i/ps7_0_axi_periph/xbar/inst/gen_sasd.crossbar_sasd_0/addr_arbiter_inst/E[0]                                                                          |                                                                                                                                                           |               11 |             35 |         3.18 |
|  design_ascon_i/processing_system7_0/inst/FCLK_CLK0 | design_ascon_i/ps7_0_axi_periph/s00_couplers/auto_pc/inst/gen_axilite.gen_b2s_conv.axilite_b2s/SI_REG/r.r_pipe/p_1_in                                              |                                                                                                                                                           |                8 |             47 |         5.88 |
|  design_ascon_i/processing_system7_0/inst/FCLK_CLK0 | design_ascon_i/ps7_0_axi_periph/s00_couplers/auto_pc/inst/gen_axilite.gen_b2s_conv.axilite_b2s/SI_REG/r.r_pipe/s_ready_i_reg_0                                     |                                                                                                                                                           |                8 |             47 |         5.88 |
|  design_ascon_i/processing_system7_0/inst/FCLK_CLK0 | design_ascon_i/ps7_0_axi_periph/s00_couplers/auto_pc/inst/gen_axilite.gen_b2s_conv.axilite_b2s/SI_REG/aw.aw_pipe/s_ready_i_reg_0                                   |                                                                                                                                                           |               10 |             52 |         5.20 |
|  design_ascon_i/processing_system7_0/inst/FCLK_CLK0 | design_ascon_i/ps7_0_axi_periph/s00_couplers/auto_pc/inst/gen_axilite.gen_b2s_conv.axilite_b2s/WR.aw_channel_0/aw_cmd_fsm_0/E[0]                                   |                                                                                                                                                           |                9 |             52 |         5.78 |
|  design_ascon_i/processing_system7_0/inst/FCLK_CLK0 | design_ascon_i/ps7_0_axi_periph/s00_couplers/auto_pc/inst/gen_axilite.gen_b2s_conv.axilite_b2s/RD.ar_channel_0/ar_cmd_fsm_0/m_valid_i_reg[0]                       |                                                                                                                                                           |               11 |             52 |         4.73 |
|  design_ascon_i/processing_system7_0/inst/FCLK_CLK0 | design_ascon_i/ps7_0_axi_periph/s00_couplers/auto_pc/inst/gen_axilite.gen_b2s_conv.axilite_b2s/SI_REG/ar.ar_pipe/s_ready_i_reg_0                                   |                                                                                                                                                           |               14 |             52 |         3.71 |
|  design_ascon_i/processing_system7_0/inst/FCLK_CLK0 | design_ascon_i/ascon_core_0/inst/ascon_core_v1_1_S00_AXI_inst/u_ascon_top/ascon_128_inst/ks_inst/ascon_128_enable                                                  |                                                                                                                                                           |               21 |            128 |         6.10 |
|  design_ascon_i/processing_system7_0/inst/FCLK_CLK0 |                                                                                                                                                                    |                                                                                                                                                           |              175 |            544 |         3.11 |
|  design_ascon_i/processing_system7_0/inst/FCLK_CLK0 | design_ascon_i/ascon_core_0/inst/ascon_core_v1_1_S00_AXI_inst/u_ascon_top/ascon_128_inst/ks_inst/ascon_128_enable                                                  | design_ascon_i/rst_ps7_0_50M/U0/peripheral_aresetn[0]                                                                                                     |              378 |           2287 |         6.05 |
|  design_ascon_i/processing_system7_0/inst/FCLK_CLK0 | design_ascon_i/ascon_core_0/inst/ascon_core_v1_1_S00_AXI_inst/u_ascon_top/ascon_hmac_inst/outer_hash_instance/init_inst/round_inst/E[0]                            | design_ascon_i/rst_ps7_0_50M/U0/peripheral_aresetn[0]                                                                                                     |              504 |           3137 |         6.22 |
|  design_ascon_i/processing_system7_0/inst/FCLK_CLK0 | design_ascon_i/ascon_core_0/inst/ascon_core_v1_1_S00_AXI_inst/u_ascon_top/ascon_kmac_inst/key_hash_inst/init_inst/round_inst/E[0]                                  | design_ascon_i/rst_ps7_0_50M/U0/peripheral_aresetn[0]                                                                                                     |              531 |           3263 |         6.15 |
+-----------------------------------------------------+--------------------------------------------------------------------------------------------------------------------------------------------------------------------+-----------------------------------------------------------------------------------------------------------------------------------------------------------+------------------+----------------+--------------+


