20:01:59 DEBUG : Logs will be stored at '/home/monsud/Scrivania/ASCON-hw/workspace/IDE.log'.
20:02:00 INFO  : Launching XSCT server: xsct -n  -interactive /home/monsud/Scrivania/ASCON-hw/workspace/temp_xsdb_launch_script.tcl
20:02:00 INFO  : Platform repository initialization has completed.
20:02:00 INFO  : Registering command handlers for Vitis TCF services
20:02:03 INFO  : XSCT server has started successfully.
20:02:03 INFO  : Successfully done setting XSCT server connection channel  
20:02:03 INFO  : plnx-install-location is set to ''
20:02:03 INFO  : Successfully done query RDI_DATADIR 
20:02:03 INFO  : Successfully done setting workspace for the tool. 
20:02:35 INFO  : Result from executing command 'getProjects': design_ascon_wrapper
20:02:35 INFO  : Result from executing command 'getPlatforms': 
20:02:35 WARN  : An unexpected exception occurred in the module 'platform project logging'
20:02:36 INFO  : Platform 'design_ascon_wrapper' is added to custom repositories.
20:02:46 INFO  : Platform 'design_ascon_wrapper' is added to custom repositories.
20:03:04 INFO  : Result from executing command 'getProjects': design_ascon_wrapper
20:03:04 INFO  : Result from executing command 'getPlatforms': design_ascon_wrapper|/home/monsud/Scrivania/ASCON-hw/workspace/design_ascon_wrapper/export/design_ascon_wrapper/design_ascon_wrapper.xpfm
20:03:07 INFO  : Checking for BSP changes to sync application flags for project 'ascon_app'...
20:05:34 INFO  : Checking for BSP changes to sync application flags for project 'ascon_app'...
20:05:46 INFO  : Build configuration of 'ascon_app_system' is updated to 'Hardware'
20:05:47 INFO  : Connected to target on host '127.0.0.1' and port '3121'.
20:05:47 INFO  : Jtag cable 'Digilent Zybo 210279651712A' is selected.
20:05:47 INFO  : 'jtag frequency' command is executed.
20:05:47 INFO  : Context for 'APU' is selected.
20:05:48 INFO  : System reset is completed.
20:05:51 INFO  : 'after 3000' command is executed.
20:05:51 INFO  : 'targets -set -filter {jtag_cable_name =~ "Digilent Zybo 210279651712A" && level==0 && jtag_device_ctx=="jsn-Zybo-210279651712A-13722093-0"}' command is executed.
20:05:52 INFO  : Device configured successfully with "/home/monsud/Scrivania/ASCON-hw/workspace/ascon_app/_ide/bitstream/design_ascon_wrapper.bit"
20:05:52 INFO  : Context for 'APU' is selected.
20:05:52 INFO  : Hardware design and registers information is loaded from '/home/monsud/Scrivania/ASCON-hw/workspace/design_ascon_wrapper/export/design_ascon_wrapper/hw/design_ascon_wrapper.xsa'.
20:05:52 INFO  : 'configparams force-mem-access 1' command is executed.
20:05:52 INFO  : Context for 'APU' is selected.
20:05:52 INFO  : Sourcing of '/home/monsud/Scrivania/ASCON-hw/workspace/ascon_app/_ide/psinit/ps7_init.tcl' is done.
20:05:53 INFO  : 'ps7_init' command is executed.
20:05:53 INFO  : 'ps7_post_config' command is executed.
20:05:53 INFO  : Context for processor 'ps7_cortexa9_0' is selected.
20:05:53 INFO  : The application '/home/monsud/Scrivania/ASCON-hw/workspace/ascon_app/Debug/ascon_app.elf' is downloaded to processor 'ps7_cortexa9_0'.
20:05:53 INFO  : 'configparams force-mem-access 0' command is executed.
20:05:53 INFO  : ----------------XSDB Script----------------
connect -url tcp:127.0.0.1:3121
targets -set -nocase -filter {name =~"APU*"}
rst -system
after 3000
targets -set -filter {jtag_cable_name =~ "Digilent Zybo 210279651712A" && level==0 && jtag_device_ctx=="jsn-Zybo-210279651712A-13722093-0"}
fpga -file /home/monsud/Scrivania/ASCON-hw/workspace/ascon_app/_ide/bitstream/design_ascon_wrapper.bit
targets -set -nocase -filter {name =~"APU*"}
loadhw -hw /home/monsud/Scrivania/ASCON-hw/workspace/design_ascon_wrapper/export/design_ascon_wrapper/hw/design_ascon_wrapper.xsa -mem-ranges [list {0x40000000 0xbfffffff}] -regs
configparams force-mem-access 1
targets -set -nocase -filter {name =~"APU*"}
source /home/monsud/Scrivania/ASCON-hw/workspace/ascon_app/_ide/psinit/ps7_init.tcl
ps7_init
ps7_post_config
targets -set -nocase -filter {name =~ "*A9*#0"}
dow /home/monsud/Scrivania/ASCON-hw/workspace/ascon_app/Debug/ascon_app.elf
configparams force-mem-access 0
----------------End of Script----------------

20:05:53 INFO  : Context for processor 'ps7_cortexa9_0' is selected.
20:05:53 INFO  : 'con' command is executed.
20:05:53 INFO  : ----------------XSDB Script (After Launch)----------------
targets -set -nocase -filter {name =~ "*A9*#0"}
con
----------------End of Script----------------

20:05:53 INFO  : Launch script is exported to file '/home/monsud/Scrivania/ASCON-hw/workspace/ascon_app_system/_ide/scripts/systemdebugger_ascon_app_system_standalone.tcl'
20:07:07 DEBUG : Logs will be stored at '/home/monsud/Scrivania/ASCON-hw/workspace/IDE.log'.
20:07:08 INFO  : Launching XSCT server: xsct -n  -interactive /home/monsud/Scrivania/ASCON-hw/workspace/temp_xsdb_launch_script.tcl
20:07:09 INFO  : Platform repository initialization has completed.
20:07:09 INFO  : Registering command handlers for Vitis TCF services
20:07:12 INFO  : XSCT server has started successfully.
20:07:12 INFO  : plnx-install-location is set to ''
20:07:12 INFO  : Successfully done setting XSCT server connection channel  
20:07:12 INFO  : Successfully done query RDI_DATADIR 
20:07:12 INFO  : Successfully done setting workspace for the tool. 
20:07:32 INFO  : Result from executing command 'getProjects': design_ascon_wrapper
20:07:32 INFO  : Result from executing command 'getPlatforms': design_ascon_wrapper|/home/monsud/Scrivania/ASCON-hw/workspace/design_ascon_wrapper/export/design_ascon_wrapper/design_ascon_wrapper.xpfm
20:07:35 INFO  : Checking for BSP changes to sync application flags for project 'ascon_app'...
20:07:48 INFO  : Connected to target on host '127.0.0.1' and port '3121'.
20:07:49 INFO  : Jtag cable 'Digilent Zybo 210279651712A' is selected.
20:07:49 INFO  : 'jtag frequency' command is executed.
20:07:49 INFO  : Context for 'APU' is selected.
20:07:49 INFO  : System reset is completed.
20:07:52 INFO  : 'after 3000' command is executed.
20:07:52 INFO  : 'targets -set -filter {jtag_cable_name =~ "Digilent Zybo 210279651712A" && level==0 && jtag_device_ctx=="jsn-Zybo-210279651712A-13722093-0"}' command is executed.
20:07:53 INFO  : Device configured successfully with "/home/monsud/Scrivania/ASCON-hw/workspace/ascon_app/_ide/bitstream/design_ascon_wrapper.bit"
20:07:53 INFO  : Context for 'APU' is selected.
20:07:53 INFO  : Hardware design and registers information is loaded from '/home/monsud/Scrivania/ASCON-hw/workspace/design_ascon_wrapper/export/design_ascon_wrapper/hw/design_ascon_wrapper.xsa'.
20:07:53 INFO  : 'configparams force-mem-access 1' command is executed.
20:07:53 INFO  : Context for 'APU' is selected.
20:07:53 INFO  : Sourcing of '/home/monsud/Scrivania/ASCON-hw/workspace/ascon_app/_ide/psinit/ps7_init.tcl' is done.
20:07:54 INFO  : 'ps7_init' command is executed.
20:07:54 INFO  : 'ps7_post_config' command is executed.
20:07:54 INFO  : Context for processor 'ps7_cortexa9_0' is selected.
20:07:54 INFO  : The application '/home/monsud/Scrivania/ASCON-hw/workspace/ascon_app/Debug/ascon_app.elf' is downloaded to processor 'ps7_cortexa9_0'.
20:07:54 INFO  : 'configparams force-mem-access 0' command is executed.
20:07:54 INFO  : ----------------XSDB Script----------------
connect -url tcp:127.0.0.1:3121
targets -set -nocase -filter {name =~"APU*"}
rst -system
after 3000
targets -set -filter {jtag_cable_name =~ "Digilent Zybo 210279651712A" && level==0 && jtag_device_ctx=="jsn-Zybo-210279651712A-13722093-0"}
fpga -file /home/monsud/Scrivania/ASCON-hw/workspace/ascon_app/_ide/bitstream/design_ascon_wrapper.bit
targets -set -nocase -filter {name =~"APU*"}
loadhw -hw /home/monsud/Scrivania/ASCON-hw/workspace/design_ascon_wrapper/export/design_ascon_wrapper/hw/design_ascon_wrapper.xsa -mem-ranges [list {0x40000000 0xbfffffff}] -regs
configparams force-mem-access 1
targets -set -nocase -filter {name =~"APU*"}
source /home/monsud/Scrivania/ASCON-hw/workspace/ascon_app/_ide/psinit/ps7_init.tcl
ps7_init
ps7_post_config
targets -set -nocase -filter {name =~ "*A9*#0"}
dow /home/monsud/Scrivania/ASCON-hw/workspace/ascon_app/Debug/ascon_app.elf
configparams force-mem-access 0
----------------End of Script----------------

20:07:54 INFO  : Context for processor 'ps7_cortexa9_0' is selected.
20:07:54 INFO  : 'con' command is executed.
20:07:54 INFO  : ----------------XSDB Script (After Launch)----------------
targets -set -nocase -filter {name =~ "*A9*#0"}
con
----------------End of Script----------------

20:07:54 INFO  : Launch script is exported to file '/home/monsud/Scrivania/ASCON-hw/workspace/ascon_app_system/_ide/scripts/systemdebugger_ascon_app_system_standalone.tcl'
20:12:21 INFO  : Checking for BSP changes to sync application flags for project 'ascon_app'...
20:12:44 INFO  : Disconnected from the channel tcfchan#3.
20:12:45 INFO  : Connected to target on host '127.0.0.1' and port '3121'.
20:12:45 INFO  : Jtag cable 'Digilent Zybo 210279651712A' is selected.
20:12:45 INFO  : 'jtag frequency' command is executed.
20:12:45 INFO  : Context for 'APU' is selected.
20:12:45 INFO  : System reset is completed.
20:12:48 INFO  : 'after 3000' command is executed.
20:12:48 INFO  : 'targets -set -filter {jtag_cable_name =~ "Digilent Zybo 210279651712A" && level==0 && jtag_device_ctx=="jsn-Zybo-210279651712A-13722093-0"}' command is executed.
20:12:49 INFO  : Device configured successfully with "/home/monsud/Scrivania/ASCON-hw/workspace/ascon_app/_ide/bitstream/design_ascon_wrapper.bit"
20:12:49 INFO  : Context for 'APU' is selected.
20:12:49 INFO  : Hardware design and registers information is loaded from '/home/monsud/Scrivania/ASCON-hw/workspace/design_ascon_wrapper/export/design_ascon_wrapper/hw/design_ascon_wrapper.xsa'.
20:12:49 INFO  : 'configparams force-mem-access 1' command is executed.
20:12:49 INFO  : Context for 'APU' is selected.
20:12:49 INFO  : Sourcing of '/home/monsud/Scrivania/ASCON-hw/workspace/ascon_app/_ide/psinit/ps7_init.tcl' is done.
20:12:50 INFO  : 'ps7_init' command is executed.
20:12:50 INFO  : 'ps7_post_config' command is executed.
20:12:50 INFO  : Context for processor 'ps7_cortexa9_0' is selected.
20:12:50 INFO  : The application '/home/monsud/Scrivania/ASCON-hw/workspace/ascon_app/Debug/ascon_app.elf' is downloaded to processor 'ps7_cortexa9_0'.
20:12:50 INFO  : 'configparams force-mem-access 0' command is executed.
20:12:50 INFO  : ----------------XSDB Script----------------
connect -url tcp:127.0.0.1:3121
targets -set -nocase -filter {name =~"APU*"}
rst -system
after 3000
targets -set -filter {jtag_cable_name =~ "Digilent Zybo 210279651712A" && level==0 && jtag_device_ctx=="jsn-Zybo-210279651712A-13722093-0"}
fpga -file /home/monsud/Scrivania/ASCON-hw/workspace/ascon_app/_ide/bitstream/design_ascon_wrapper.bit
targets -set -nocase -filter {name =~"APU*"}
loadhw -hw /home/monsud/Scrivania/ASCON-hw/workspace/design_ascon_wrapper/export/design_ascon_wrapper/hw/design_ascon_wrapper.xsa -mem-ranges [list {0x40000000 0xbfffffff}] -regs
configparams force-mem-access 1
targets -set -nocase -filter {name =~"APU*"}
source /home/monsud/Scrivania/ASCON-hw/workspace/ascon_app/_ide/psinit/ps7_init.tcl
ps7_init
ps7_post_config
targets -set -nocase -filter {name =~ "*A9*#0"}
dow /home/monsud/Scrivania/ASCON-hw/workspace/ascon_app/Debug/ascon_app.elf
configparams force-mem-access 0
----------------End of Script----------------

20:12:50 INFO  : Context for processor 'ps7_cortexa9_0' is selected.
20:12:50 INFO  : 'con' command is executed.
20:12:50 INFO  : ----------------XSDB Script (After Launch)----------------
targets -set -nocase -filter {name =~ "*A9*#0"}
con
----------------End of Script----------------

20:12:50 INFO  : Launch script is exported to file '/home/monsud/Scrivania/ASCON-hw/workspace/ascon_app_system/_ide/scripts/systemdebugger_ascon_app_system_standalone.tcl'
20:13:32 INFO  : Disconnected from the channel tcfchan#5.
20:19:04 DEBUG : Logs will be stored at '/home/monsud/Scrivania/ASCON-hw/workspace/IDE.log'.
20:19:05 INFO  : Launching XSCT server: xsct -n  -interactive /home/monsud/Scrivania/ASCON-hw/workspace/temp_xsdb_launch_script.tcl
20:19:07 INFO  : Platform repository initialization has completed.
20:19:08 INFO  : XSCT server has started successfully.
20:19:08 INFO  : Registering command handlers for Vitis TCF services
20:19:08 INFO  : Successfully done setting XSCT server connection channel  
20:19:08 INFO  : plnx-install-location is set to ''
20:19:08 INFO  : Successfully done setting workspace for the tool. 
20:19:08 INFO  : Successfully done query RDI_DATADIR 
20:22:53 INFO  : Connected to target on host '127.0.0.1' and port '3121'.
20:22:54 INFO  : Jtag cable 'Digilent Zybo 210279651712A' is selected.
20:22:54 INFO  : 'jtag frequency' command is executed.
20:22:54 INFO  : Context for 'APU' is selected.
20:22:54 INFO  : System reset is completed.
20:22:57 INFO  : 'after 3000' command is executed.
20:22:57 INFO  : 'targets -set -filter {jtag_cable_name =~ "Digilent Zybo 210279651712A" && level==0 && jtag_device_ctx=="jsn-Zybo-210279651712A-13722093-0"}' command is executed.
20:22:58 INFO  : Device configured successfully with "/home/monsud/Scrivania/ASCON-hw/workspace/ascon_app/_ide/bitstream/design_ascon_wrapper.bit"
20:22:58 INFO  : Context for 'APU' is selected.
20:22:58 INFO  : Hardware design and registers information is loaded from '/home/monsud/Scrivania/ASCON-hw/workspace/design_ascon_wrapper/export/design_ascon_wrapper/hw/design_ascon_wrapper.xsa'.
20:22:58 INFO  : 'configparams force-mem-access 1' command is executed.
20:22:58 INFO  : Context for 'APU' is selected.
20:22:58 INFO  : Sourcing of '/home/monsud/Scrivania/ASCON-hw/workspace/ascon_app/_ide/psinit/ps7_init.tcl' is done.
20:22:59 INFO  : 'ps7_init' command is executed.
20:22:59 INFO  : 'ps7_post_config' command is executed.
20:22:59 INFO  : Context for processor 'ps7_cortexa9_0' is selected.
20:22:59 INFO  : The application '/home/monsud/Scrivania/ASCON-hw/workspace/ascon_app/Debug/ascon_app.elf' is downloaded to processor 'ps7_cortexa9_0'.
20:22:59 INFO  : 'configparams force-mem-access 0' command is executed.
20:22:59 INFO  : ----------------XSDB Script----------------
connect -url tcp:127.0.0.1:3121
targets -set -nocase -filter {name =~"APU*"}
rst -system
after 3000
targets -set -filter {jtag_cable_name =~ "Digilent Zybo 210279651712A" && level==0 && jtag_device_ctx=="jsn-Zybo-210279651712A-13722093-0"}
fpga -file /home/monsud/Scrivania/ASCON-hw/workspace/ascon_app/_ide/bitstream/design_ascon_wrapper.bit
targets -set -nocase -filter {name =~"APU*"}
loadhw -hw /home/monsud/Scrivania/ASCON-hw/workspace/design_ascon_wrapper/export/design_ascon_wrapper/hw/design_ascon_wrapper.xsa -mem-ranges [list {0x40000000 0xbfffffff}] -regs
configparams force-mem-access 1
targets -set -nocase -filter {name =~"APU*"}
source /home/monsud/Scrivania/ASCON-hw/workspace/ascon_app/_ide/psinit/ps7_init.tcl
ps7_init
ps7_post_config
targets -set -nocase -filter {name =~ "*A9*#0"}
dow /home/monsud/Scrivania/ASCON-hw/workspace/ascon_app/Debug/ascon_app.elf
configparams force-mem-access 0
----------------End of Script----------------

20:22:59 INFO  : Context for processor 'ps7_cortexa9_0' is selected.
20:22:59 INFO  : 'con' command is executed.
20:22:59 INFO  : ----------------XSDB Script (After Launch)----------------
targets -set -nocase -filter {name =~ "*A9*#0"}
con
----------------End of Script----------------

20:22:59 INFO  : Launch script is exported to file '/home/monsud/Scrivania/ASCON-hw/workspace/ascon_app_system/_ide/scripts/systemdebugger_ascon_app_system_standalone.tcl'
20:25:08 INFO  : Checking for BSP changes to sync application flags for project 'ascon_app'...
20:25:13 ERROR : (XSDB Server)ERROR: [Hsi 55-1571] The design file /home/monsud/Scrivania/ASCON-hw/workspace/design_ascon_wrapper/export/design_ascon_wrapper/hw/design_ascon_wrapper.xsa is already opened

20:25:23 INFO  : Disconnected from the channel tcfchan#1.
20:25:23 INFO  : Connected to target on host '127.0.0.1' and port '3121'.
20:25:23 INFO  : Jtag cable 'Digilent Zybo 210279651712A' is selected.
20:25:23 INFO  : 'jtag frequency' command is executed.
20:25:23 INFO  : Context for 'APU' is selected.
20:25:23 INFO  : System reset is completed.
20:25:26 INFO  : 'after 3000' command is executed.
20:25:26 INFO  : 'targets -set -filter {jtag_cable_name =~ "Digilent Zybo 210279651712A" && level==0 && jtag_device_ctx=="jsn-Zybo-210279651712A-13722093-0"}' command is executed.
20:25:27 INFO  : Device configured successfully with "/home/monsud/Scrivania/ASCON-hw/workspace/ascon_app/_ide/bitstream/design_ascon_wrapper.bit"
20:25:27 INFO  : Context for 'APU' is selected.
20:25:29 INFO  : Hardware design and registers information is loaded from '/home/monsud/Scrivania/ASCON-hw/workspace/design_ascon_wrapper/export/design_ascon_wrapper/hw/design_ascon_wrapper.xsa'.
20:25:29 INFO  : 'configparams force-mem-access 1' command is executed.
20:25:29 INFO  : Context for 'APU' is selected.
20:25:29 INFO  : Sourcing of '/home/monsud/Scrivania/ASCON-hw/workspace/ascon_app/_ide/psinit/ps7_init.tcl' is done.
20:25:30 INFO  : 'ps7_init' command is executed.
20:25:30 INFO  : 'ps7_post_config' command is executed.
20:25:30 INFO  : Context for processor 'ps7_cortexa9_0' is selected.
20:25:30 INFO  : The application '/home/monsud/Scrivania/ASCON-hw/workspace/ascon_app/Debug/ascon_app.elf' is downloaded to processor 'ps7_cortexa9_0'.
20:25:30 INFO  : 'configparams force-mem-access 0' command is executed.
20:25:30 INFO  : ----------------XSDB Script----------------
connect -url tcp:127.0.0.1:3121
targets -set -nocase -filter {name =~"APU*"}
rst -system
after 3000
targets -set -filter {jtag_cable_name =~ "Digilent Zybo 210279651712A" && level==0 && jtag_device_ctx=="jsn-Zybo-210279651712A-13722093-0"}
fpga -file /home/monsud/Scrivania/ASCON-hw/workspace/ascon_app/_ide/bitstream/design_ascon_wrapper.bit
targets -set -nocase -filter {name =~"APU*"}
loadhw -hw /home/monsud/Scrivania/ASCON-hw/workspace/design_ascon_wrapper/export/design_ascon_wrapper/hw/design_ascon_wrapper.xsa -mem-ranges [list {0x40000000 0xbfffffff}] -regs
configparams force-mem-access 1
targets -set -nocase -filter {name =~"APU*"}
source /home/monsud/Scrivania/ASCON-hw/workspace/ascon_app/_ide/psinit/ps7_init.tcl
ps7_init
ps7_post_config
targets -set -nocase -filter {name =~ "*A9*#0"}
dow /home/monsud/Scrivania/ASCON-hw/workspace/ascon_app/Debug/ascon_app.elf
configparams force-mem-access 0
----------------End of Script----------------

20:25:30 INFO  : Context for processor 'ps7_cortexa9_0' is selected.
20:25:30 INFO  : 'con' command is executed.
20:25:30 INFO  : ----------------XSDB Script (After Launch)----------------
targets -set -nocase -filter {name =~ "*A9*#0"}
con
----------------End of Script----------------

20:25:30 INFO  : Launch script is exported to file '/home/monsud/Scrivania/ASCON-hw/workspace/ascon_app_system/_ide/scripts/systemdebugger_ascon_app_system_standalone.tcl'
20:26:06 INFO  : Checking for BSP changes to sync application flags for project 'ascon_app'...
20:26:10 ERROR : (XSDB Server)ERROR: [Hsi 55-1571] The design file /home/monsud/Scrivania/ASCON-hw/workspace/design_ascon_wrapper/export/design_ascon_wrapper/hw/design_ascon_wrapper.xsa is already opened

20:26:35 INFO  : Disconnected from the channel tcfchan#3.
20:26:35 INFO  : Connected to target on host '127.0.0.1' and port '3121'.
20:26:35 INFO  : Jtag cable 'Digilent Zybo 210279651712A' is selected.
20:26:35 INFO  : 'jtag frequency' command is executed.
20:26:35 INFO  : Context for 'APU' is selected.
20:26:35 INFO  : System reset is completed.
20:26:38 INFO  : 'after 3000' command is executed.
20:26:39 INFO  : 'targets -set -filter {jtag_cable_name =~ "Digilent Zybo 210279651712A" && level==0 && jtag_device_ctx=="jsn-Zybo-210279651712A-13722093-0"}' command is executed.
20:26:40 INFO  : Device configured successfully with "/home/monsud/Scrivania/ASCON-hw/workspace/ascon_app/_ide/bitstream/design_ascon_wrapper.bit"
20:26:40 INFO  : Context for 'APU' is selected.
20:26:42 INFO  : Hardware design and registers information is loaded from '/home/monsud/Scrivania/ASCON-hw/workspace/design_ascon_wrapper/export/design_ascon_wrapper/hw/design_ascon_wrapper.xsa'.
20:26:42 INFO  : 'configparams force-mem-access 1' command is executed.
20:26:42 INFO  : Context for 'APU' is selected.
20:26:42 INFO  : Sourcing of '/home/monsud/Scrivania/ASCON-hw/workspace/ascon_app/_ide/psinit/ps7_init.tcl' is done.
20:26:43 INFO  : 'ps7_init' command is executed.
20:26:43 INFO  : 'ps7_post_config' command is executed.
20:26:43 INFO  : Context for processor 'ps7_cortexa9_0' is selected.
20:26:43 INFO  : The application '/home/monsud/Scrivania/ASCON-hw/workspace/ascon_app/Debug/ascon_app.elf' is downloaded to processor 'ps7_cortexa9_0'.
20:26:43 INFO  : 'configparams force-mem-access 0' command is executed.
20:26:43 INFO  : ----------------XSDB Script----------------
connect -url tcp:127.0.0.1:3121
targets -set -nocase -filter {name =~"APU*"}
rst -system
after 3000
targets -set -filter {jtag_cable_name =~ "Digilent Zybo 210279651712A" && level==0 && jtag_device_ctx=="jsn-Zybo-210279651712A-13722093-0"}
fpga -file /home/monsud/Scrivania/ASCON-hw/workspace/ascon_app/_ide/bitstream/design_ascon_wrapper.bit
targets -set -nocase -filter {name =~"APU*"}
loadhw -hw /home/monsud/Scrivania/ASCON-hw/workspace/design_ascon_wrapper/export/design_ascon_wrapper/hw/design_ascon_wrapper.xsa -mem-ranges [list {0x40000000 0xbfffffff}] -regs
configparams force-mem-access 1
targets -set -nocase -filter {name =~"APU*"}
source /home/monsud/Scrivania/ASCON-hw/workspace/ascon_app/_ide/psinit/ps7_init.tcl
ps7_init
ps7_post_config
targets -set -nocase -filter {name =~ "*A9*#0"}
dow /home/monsud/Scrivania/ASCON-hw/workspace/ascon_app/Debug/ascon_app.elf
configparams force-mem-access 0
----------------End of Script----------------

20:26:43 INFO  : Context for processor 'ps7_cortexa9_0' is selected.
20:26:43 INFO  : 'con' command is executed.
20:26:43 INFO  : ----------------XSDB Script (After Launch)----------------
targets -set -nocase -filter {name =~ "*A9*#0"}
con
----------------End of Script----------------

20:26:43 INFO  : Launch script is exported to file '/home/monsud/Scrivania/ASCON-hw/workspace/ascon_app_system/_ide/scripts/systemdebugger_ascon_app_system_standalone.tcl'
20:28:52 INFO  : Disconnected from the channel tcfchan#5.
00:40:33 DEBUG : Logs will be stored at '/home/monsud/Scrivania/ASCON-hw/workspace/IDE.log'.
00:40:34 INFO  : Launching XSCT server: xsct -n  -interactive /home/monsud/Scrivania/ASCON-hw/workspace/temp_xsdb_launch_script.tcl
00:40:36 INFO  : Platform repository initialization has completed.
00:40:36 INFO  : Registering command handlers for Vitis TCF services
00:40:37 INFO  : XSCT server has started successfully.
00:40:37 INFO  : Successfully done setting XSCT server connection channel  
00:40:37 INFO  : plnx-install-location is set to ''
00:40:37 INFO  : Successfully done setting workspace for the tool. 
00:40:37 INFO  : Successfully done query RDI_DATADIR 
00:41:00 INFO  : Checking for BSP changes to sync application flags for project 'ascon_app'...
00:41:06 ERROR : (XSDB Server)ERROR: [Hsi 55-1571] The design file /home/monsud/Scrivania/ASCON-hw/workspace/design_ascon_wrapper/export/design_ascon_wrapper/hw/design_ascon_wrapper.xsa is already opened

00:41:33 INFO  : Connected to target on host '127.0.0.1' and port '3121'.
00:41:33 INFO  : Jtag cable 'Digilent Zybo 210279651712A' is selected.
00:41:33 INFO  : 'jtag frequency' command is executed.
00:41:33 INFO  : Context for 'APU' is selected.
00:41:33 INFO  : System reset is completed.
00:41:36 INFO  : 'after 3000' command is executed.
00:41:37 INFO  : 'targets -set -filter {jtag_cable_name =~ "Digilent Zybo 210279651712A" && level==0 && jtag_device_ctx=="jsn-Zybo-210279651712A-13722093-0"}' command is executed.
00:41:38 INFO  : Device configured successfully with "/home/monsud/Scrivania/ASCON-hw/workspace/ascon_app/_ide/bitstream/design_ascon_wrapper.bit"
00:41:38 INFO  : Context for 'APU' is selected.
00:41:38 INFO  : Hardware design and registers information is loaded from '/home/monsud/Scrivania/ASCON-hw/workspace/design_ascon_wrapper/export/design_ascon_wrapper/hw/design_ascon_wrapper.xsa'.
00:41:38 INFO  : 'configparams force-mem-access 1' command is executed.
00:41:38 INFO  : Context for 'APU' is selected.
00:41:38 INFO  : Sourcing of '/home/monsud/Scrivania/ASCON-hw/workspace/ascon_app/_ide/psinit/ps7_init.tcl' is done.
00:41:38 INFO  : 'ps7_init' command is executed.
00:41:38 INFO  : 'ps7_post_config' command is executed.
00:41:38 INFO  : Context for processor 'ps7_cortexa9_0' is selected.
00:41:38 INFO  : The application '/home/monsud/Scrivania/ASCON-hw/workspace/ascon_app/Debug/ascon_app.elf' is downloaded to processor 'ps7_cortexa9_0'.
00:41:39 INFO  : 'configparams force-mem-access 0' command is executed.
00:41:39 INFO  : ----------------XSDB Script----------------
connect -url tcp:127.0.0.1:3121
targets -set -nocase -filter {name =~"APU*"}
rst -system
after 3000
targets -set -filter {jtag_cable_name =~ "Digilent Zybo 210279651712A" && level==0 && jtag_device_ctx=="jsn-Zybo-210279651712A-13722093-0"}
fpga -file /home/monsud/Scrivania/ASCON-hw/workspace/ascon_app/_ide/bitstream/design_ascon_wrapper.bit
targets -set -nocase -filter {name =~"APU*"}
loadhw -hw /home/monsud/Scrivania/ASCON-hw/workspace/design_ascon_wrapper/export/design_ascon_wrapper/hw/design_ascon_wrapper.xsa -mem-ranges [list {0x40000000 0xbfffffff}] -regs
configparams force-mem-access 1
targets -set -nocase -filter {name =~"APU*"}
source /home/monsud/Scrivania/ASCON-hw/workspace/ascon_app/_ide/psinit/ps7_init.tcl
ps7_init
ps7_post_config
targets -set -nocase -filter {name =~ "*A9*#0"}
dow /home/monsud/Scrivania/ASCON-hw/workspace/ascon_app/Debug/ascon_app.elf
configparams force-mem-access 0
----------------End of Script----------------

00:41:39 INFO  : Context for processor 'ps7_cortexa9_0' is selected.
00:41:39 INFO  : 'con' command is executed.
00:41:39 INFO  : ----------------XSDB Script (After Launch)----------------
targets -set -nocase -filter {name =~ "*A9*#0"}
con
----------------End of Script----------------

00:41:39 INFO  : Launch script is exported to file '/home/monsud/Scrivania/ASCON-hw/workspace/ascon_app_system/_ide/scripts/systemdebugger_ascon_app_system_standalone.tcl'
00:45:33 INFO  : Disconnected from the channel tcfchan#2.
00:52:40 DEBUG : Logs will be stored at '/home/monsud/Scrivania/ASCON-hw/workspace/IDE.log'.
00:52:41 INFO  : Launching XSCT server: xsct -n  -interactive /home/monsud/Scrivania/ASCON-hw/workspace/temp_xsdb_launch_script.tcl
00:52:43 INFO  : Platform repository initialization has completed.
00:52:44 INFO  : Registering command handlers for Vitis TCF services
00:52:44 INFO  : XSCT server has started successfully.
00:52:44 INFO  : Successfully done setting XSCT server connection channel  
00:52:45 INFO  : Successfully done setting workspace for the tool. 
00:52:45 INFO  : plnx-install-location is set to ''
00:52:45 INFO  : Successfully done query RDI_DATADIR 
00:54:01 INFO  : Checking for BSP changes to sync application flags for project 'ascon_app'...
00:54:07 ERROR : (XSDB Server)ERROR: [Hsi 55-1571] The design file /home/monsud/Scrivania/ASCON-hw/workspace/design_ascon_wrapper/export/design_ascon_wrapper/hw/design_ascon_wrapper.xsa is already opened

00:54:39 INFO  : Connected to target on host '127.0.0.1' and port '3121'.
00:54:39 INFO  : Jtag cable 'Digilent Zybo 210279651712A' is selected.
00:54:39 INFO  : 'jtag frequency' command is executed.
00:54:39 INFO  : Context for 'APU' is selected.
00:54:39 INFO  : System reset is completed.
00:54:42 INFO  : 'after 3000' command is executed.
00:54:43 INFO  : 'targets -set -filter {jtag_cable_name =~ "Digilent Zybo 210279651712A" && level==0 && jtag_device_ctx=="jsn-Zybo-210279651712A-13722093-0"}' command is executed.
00:54:44 INFO  : Device configured successfully with "/home/monsud/Scrivania/ASCON-hw/workspace/ascon_app/_ide/bitstream/design_ascon_wrapper.bit"
00:54:44 INFO  : Context for 'APU' is selected.
00:54:44 INFO  : Hardware design and registers information is loaded from '/home/monsud/Scrivania/ASCON-hw/workspace/design_ascon_wrapper/export/design_ascon_wrapper/hw/design_ascon_wrapper.xsa'.
00:54:44 INFO  : 'configparams force-mem-access 1' command is executed.
00:54:44 INFO  : Context for 'APU' is selected.
00:54:44 INFO  : Sourcing of '/home/monsud/Scrivania/ASCON-hw/workspace/ascon_app/_ide/psinit/ps7_init.tcl' is done.
00:54:44 INFO  : 'ps7_init' command is executed.
00:54:44 INFO  : 'ps7_post_config' command is executed.
00:54:44 INFO  : Context for processor 'ps7_cortexa9_0' is selected.
00:54:44 INFO  : The application '/home/monsud/Scrivania/ASCON-hw/workspace/ascon_app/Debug/ascon_app.elf' is downloaded to processor 'ps7_cortexa9_0'.
00:54:45 INFO  : 'configparams force-mem-access 0' command is executed.
00:54:45 INFO  : ----------------XSDB Script----------------
connect -url tcp:127.0.0.1:3121
targets -set -nocase -filter {name =~"APU*"}
rst -system
after 3000
targets -set -filter {jtag_cable_name =~ "Digilent Zybo 210279651712A" && level==0 && jtag_device_ctx=="jsn-Zybo-210279651712A-13722093-0"}
fpga -file /home/monsud/Scrivania/ASCON-hw/workspace/ascon_app/_ide/bitstream/design_ascon_wrapper.bit
targets -set -nocase -filter {name =~"APU*"}
loadhw -hw /home/monsud/Scrivania/ASCON-hw/workspace/design_ascon_wrapper/export/design_ascon_wrapper/hw/design_ascon_wrapper.xsa -mem-ranges [list {0x40000000 0xbfffffff}] -regs
configparams force-mem-access 1
targets -set -nocase -filter {name =~"APU*"}
source /home/monsud/Scrivania/ASCON-hw/workspace/ascon_app/_ide/psinit/ps7_init.tcl
ps7_init
ps7_post_config
targets -set -nocase -filter {name =~ "*A9*#0"}
dow /home/monsud/Scrivania/ASCON-hw/workspace/ascon_app/Debug/ascon_app.elf
configparams force-mem-access 0
----------------End of Script----------------

00:54:45 INFO  : Context for processor 'ps7_cortexa9_0' is selected.
00:54:45 INFO  : 'con' command is executed.
00:54:45 INFO  : ----------------XSDB Script (After Launch)----------------
targets -set -nocase -filter {name =~ "*A9*#0"}
con
----------------End of Script----------------

00:54:45 INFO  : Launch script is exported to file '/home/monsud/Scrivania/ASCON-hw/workspace/ascon_app_system/_ide/scripts/systemdebugger_ascon_app_system_standalone.tcl'
00:58:10 INFO  : Checking for BSP changes to sync application flags for project 'ascon_app'...
00:58:14 ERROR : (XSDB Server)ERROR: [Hsi 55-1571] The design file /home/monsud/Scrivania/ASCON-hw/workspace/design_ascon_wrapper/export/design_ascon_wrapper/hw/design_ascon_wrapper.xsa is already opened

00:58:30 INFO  : Disconnected from the channel tcfchan#2.
00:58:30 INFO  : Connected to target on host '127.0.0.1' and port '3121'.
00:58:30 INFO  : Jtag cable 'Digilent Zybo 210279651712A' is selected.
00:58:30 INFO  : 'jtag frequency' command is executed.
00:58:30 INFO  : Context for 'APU' is selected.
00:58:30 INFO  : System reset is completed.
00:58:33 INFO  : 'after 3000' command is executed.
00:58:33 INFO  : 'targets -set -filter {jtag_cable_name =~ "Digilent Zybo 210279651712A" && level==0 && jtag_device_ctx=="jsn-Zybo-210279651712A-13722093-0"}' command is executed.
00:58:35 INFO  : Device configured successfully with "/home/monsud/Scrivania/ASCON-hw/workspace/ascon_app/_ide/bitstream/design_ascon_wrapper.bit"
00:58:35 INFO  : Context for 'APU' is selected.
00:58:37 INFO  : Hardware design and registers information is loaded from '/home/monsud/Scrivania/ASCON-hw/workspace/design_ascon_wrapper/export/design_ascon_wrapper/hw/design_ascon_wrapper.xsa'.
00:58:37 INFO  : 'configparams force-mem-access 1' command is executed.
00:58:37 INFO  : Context for 'APU' is selected.
00:58:37 INFO  : Sourcing of '/home/monsud/Scrivania/ASCON-hw/workspace/ascon_app/_ide/psinit/ps7_init.tcl' is done.
00:58:37 INFO  : 'ps7_init' command is executed.
00:58:37 INFO  : 'ps7_post_config' command is executed.
00:58:37 INFO  : Context for processor 'ps7_cortexa9_0' is selected.
00:58:38 INFO  : The application '/home/monsud/Scrivania/ASCON-hw/workspace/ascon_app/Debug/ascon_app.elf' is downloaded to processor 'ps7_cortexa9_0'.
00:58:38 INFO  : 'configparams force-mem-access 0' command is executed.
00:58:38 INFO  : ----------------XSDB Script----------------
connect -url tcp:127.0.0.1:3121
targets -set -nocase -filter {name =~"APU*"}
rst -system
after 3000
targets -set -filter {jtag_cable_name =~ "Digilent Zybo 210279651712A" && level==0 && jtag_device_ctx=="jsn-Zybo-210279651712A-13722093-0"}
fpga -file /home/monsud/Scrivania/ASCON-hw/workspace/ascon_app/_ide/bitstream/design_ascon_wrapper.bit
targets -set -nocase -filter {name =~"APU*"}
loadhw -hw /home/monsud/Scrivania/ASCON-hw/workspace/design_ascon_wrapper/export/design_ascon_wrapper/hw/design_ascon_wrapper.xsa -mem-ranges [list {0x40000000 0xbfffffff}] -regs
configparams force-mem-access 1
targets -set -nocase -filter {name =~"APU*"}
source /home/monsud/Scrivania/ASCON-hw/workspace/ascon_app/_ide/psinit/ps7_init.tcl
ps7_init
ps7_post_config
targets -set -nocase -filter {name =~ "*A9*#0"}
dow /home/monsud/Scrivania/ASCON-hw/workspace/ascon_app/Debug/ascon_app.elf
configparams force-mem-access 0
----------------End of Script----------------

00:58:38 INFO  : Context for processor 'ps7_cortexa9_0' is selected.
00:58:38 INFO  : 'con' command is executed.
00:58:38 INFO  : ----------------XSDB Script (After Launch)----------------
targets -set -nocase -filter {name =~ "*A9*#0"}
con
----------------End of Script----------------

00:58:38 INFO  : Launch script is exported to file '/home/monsud/Scrivania/ASCON-hw/workspace/ascon_app_system/_ide/scripts/systemdebugger_ascon_app_system_standalone.tcl'
01:01:37 INFO  : Disconnected from the channel tcfchan#4.
01:01:37 INFO  : Connected to target on host '127.0.0.1' and port '3121'.
01:01:37 INFO  : Jtag cable 'Digilent Zybo 210279651712A' is selected.
01:01:37 INFO  : 'jtag frequency' command is executed.
01:01:37 INFO  : Context for 'APU' is selected.
01:01:37 INFO  : System reset is completed.
01:01:40 INFO  : 'after 3000' command is executed.
01:01:40 INFO  : 'targets -set -filter {jtag_cable_name =~ "Digilent Zybo 210279651712A" && level==0 && jtag_device_ctx=="jsn-Zybo-210279651712A-13722093-0"}' command is executed.
01:01:41 INFO  : Device configured successfully with "/home/monsud/Scrivania/ASCON-hw/workspace/ascon_app/_ide/bitstream/design_ascon_wrapper.bit"
01:01:41 INFO  : Context for 'APU' is selected.
01:01:44 INFO  : Hardware design and registers information is loaded from '/home/monsud/Scrivania/ASCON-hw/workspace/design_ascon_wrapper/export/design_ascon_wrapper/hw/design_ascon_wrapper.xsa'.
01:01:44 INFO  : 'configparams force-mem-access 1' command is executed.
01:01:44 INFO  : Context for 'APU' is selected.
01:01:44 INFO  : Sourcing of '/home/monsud/Scrivania/ASCON-hw/workspace/ascon_app/_ide/psinit/ps7_init.tcl' is done.
01:01:44 INFO  : 'ps7_init' command is executed.
01:01:44 INFO  : 'ps7_post_config' command is executed.
01:01:44 INFO  : Context for processor 'ps7_cortexa9_0' is selected.
01:01:44 INFO  : The application '/home/monsud/Scrivania/ASCON-hw/workspace/ascon_app/Debug/ascon_app.elf' is downloaded to processor 'ps7_cortexa9_0'.
01:01:44 INFO  : 'configparams force-mem-access 0' command is executed.
01:01:44 INFO  : ----------------XSDB Script----------------
connect -url tcp:127.0.0.1:3121
targets -set -nocase -filter {name =~"APU*"}
rst -system
after 3000
targets -set -filter {jtag_cable_name =~ "Digilent Zybo 210279651712A" && level==0 && jtag_device_ctx=="jsn-Zybo-210279651712A-13722093-0"}
fpga -file /home/monsud/Scrivania/ASCON-hw/workspace/ascon_app/_ide/bitstream/design_ascon_wrapper.bit
targets -set -nocase -filter {name =~"APU*"}
loadhw -hw /home/monsud/Scrivania/ASCON-hw/workspace/design_ascon_wrapper/export/design_ascon_wrapper/hw/design_ascon_wrapper.xsa -mem-ranges [list {0x40000000 0xbfffffff}] -regs
configparams force-mem-access 1
targets -set -nocase -filter {name =~"APU*"}
source /home/monsud/Scrivania/ASCON-hw/workspace/ascon_app/_ide/psinit/ps7_init.tcl
ps7_init
ps7_post_config
targets -set -nocase -filter {name =~ "*A9*#0"}
dow /home/monsud/Scrivania/ASCON-hw/workspace/ascon_app/Debug/ascon_app.elf
configparams force-mem-access 0
----------------End of Script----------------

01:01:44 INFO  : Context for processor 'ps7_cortexa9_0' is selected.
01:01:44 INFO  : 'con' command is executed.
01:01:44 INFO  : ----------------XSDB Script (After Launch)----------------
targets -set -nocase -filter {name =~ "*A9*#0"}
con
----------------End of Script----------------

01:01:44 INFO  : Launch script is exported to file '/home/monsud/Scrivania/ASCON-hw/workspace/ascon_app_system/_ide/scripts/systemdebugger_ascon_app_system_standalone.tcl'
01:04:58 INFO  : Disconnected from the channel tcfchan#5.
01:04:58 INFO  : Connected to target on host '127.0.0.1' and port '3121'.
01:04:58 INFO  : Jtag cable 'Digilent Zybo 210279651712A' is selected.
01:04:58 INFO  : 'jtag frequency' command is executed.
01:04:58 INFO  : Context for 'APU' is selected.
01:04:58 INFO  : System reset is completed.
01:05:01 INFO  : 'after 3000' command is executed.
01:05:02 INFO  : 'targets -set -filter {jtag_cable_name =~ "Digilent Zybo 210279651712A" && level==0 && jtag_device_ctx=="jsn-Zybo-210279651712A-13722093-0"}' command is executed.
01:05:03 INFO  : Device configured successfully with "/home/monsud/Scrivania/ASCON-hw/workspace/ascon_app/_ide/bitstream/design_ascon_wrapper.bit"
01:05:03 INFO  : Context for 'APU' is selected.
01:05:05 INFO  : Hardware design and registers information is loaded from '/home/monsud/Scrivania/ASCON-hw/workspace/design_ascon_wrapper/export/design_ascon_wrapper/hw/design_ascon_wrapper.xsa'.
01:05:05 INFO  : 'configparams force-mem-access 1' command is executed.
01:05:05 INFO  : Context for 'APU' is selected.
01:05:05 INFO  : Sourcing of '/home/monsud/Scrivania/ASCON-hw/workspace/ascon_app/_ide/psinit/ps7_init.tcl' is done.
01:05:06 INFO  : 'ps7_init' command is executed.
01:05:06 INFO  : 'ps7_post_config' command is executed.
01:05:06 INFO  : Context for processor 'ps7_cortexa9_0' is selected.
01:05:06 INFO  : The application '/home/monsud/Scrivania/ASCON-hw/workspace/ascon_app/Debug/ascon_app.elf' is downloaded to processor 'ps7_cortexa9_0'.
01:05:06 INFO  : 'configparams force-mem-access 0' command is executed.
01:05:06 INFO  : ----------------XSDB Script----------------
connect -url tcp:127.0.0.1:3121
targets -set -nocase -filter {name =~"APU*"}
rst -system
after 3000
targets -set -filter {jtag_cable_name =~ "Digilent Zybo 210279651712A" && level==0 && jtag_device_ctx=="jsn-Zybo-210279651712A-13722093-0"}
fpga -file /home/monsud/Scrivania/ASCON-hw/workspace/ascon_app/_ide/bitstream/design_ascon_wrapper.bit
targets -set -nocase -filter {name =~"APU*"}
loadhw -hw /home/monsud/Scrivania/ASCON-hw/workspace/design_ascon_wrapper/export/design_ascon_wrapper/hw/design_ascon_wrapper.xsa -mem-ranges [list {0x40000000 0xbfffffff}] -regs
configparams force-mem-access 1
targets -set -nocase -filter {name =~"APU*"}
source /home/monsud/Scrivania/ASCON-hw/workspace/ascon_app/_ide/psinit/ps7_init.tcl
ps7_init
ps7_post_config
targets -set -nocase -filter {name =~ "*A9*#0"}
dow /home/monsud/Scrivania/ASCON-hw/workspace/ascon_app/Debug/ascon_app.elf
configparams force-mem-access 0
----------------End of Script----------------

01:05:06 INFO  : Context for processor 'ps7_cortexa9_0' is selected.
01:05:06 INFO  : 'con' command is executed.
01:05:06 INFO  : ----------------XSDB Script (After Launch)----------------
targets -set -nocase -filter {name =~ "*A9*#0"}
con
----------------End of Script----------------

01:05:06 INFO  : Launch script is exported to file '/home/monsud/Scrivania/ASCON-hw/workspace/ascon_app_system/_ide/scripts/systemdebugger_ascon_app_system_standalone.tcl'
01:05:20 INFO  : Checking for BSP changes to sync application flags for project 'ascon_app'...
01:05:24 ERROR : (XSDB Server)ERROR: [Hsi 55-1571] The design file /home/monsud/Scrivania/ASCON-hw/workspace/design_ascon_wrapper/export/design_ascon_wrapper/hw/design_ascon_wrapper.xsa is already opened

01:05:38 INFO  : Disconnected from the channel tcfchan#6.
01:05:38 INFO  : Connected to target on host '127.0.0.1' and port '3121'.
01:05:38 INFO  : Jtag cable 'Digilent Zybo 210279651712A' is selected.
01:05:38 INFO  : 'jtag frequency' command is executed.
01:05:38 INFO  : Context for 'APU' is selected.
01:05:38 INFO  : System reset is completed.
01:05:41 INFO  : 'after 3000' command is executed.
01:05:41 INFO  : 'targets -set -filter {jtag_cable_name =~ "Digilent Zybo 210279651712A" && level==0 && jtag_device_ctx=="jsn-Zybo-210279651712A-13722093-0"}' command is executed.
01:05:42 INFO  : Device configured successfully with "/home/monsud/Scrivania/ASCON-hw/workspace/ascon_app/_ide/bitstream/design_ascon_wrapper.bit"
01:05:42 INFO  : Context for 'APU' is selected.
01:05:45 INFO  : Hardware design and registers information is loaded from '/home/monsud/Scrivania/ASCON-hw/workspace/design_ascon_wrapper/export/design_ascon_wrapper/hw/design_ascon_wrapper.xsa'.
01:05:45 INFO  : 'configparams force-mem-access 1' command is executed.
01:05:45 INFO  : Context for 'APU' is selected.
01:05:45 INFO  : Sourcing of '/home/monsud/Scrivania/ASCON-hw/workspace/ascon_app/_ide/psinit/ps7_init.tcl' is done.
01:05:45 INFO  : 'ps7_init' command is executed.
01:05:45 INFO  : 'ps7_post_config' command is executed.
01:05:45 INFO  : Context for processor 'ps7_cortexa9_0' is selected.
01:05:45 INFO  : The application '/home/monsud/Scrivania/ASCON-hw/workspace/ascon_app/Debug/ascon_app.elf' is downloaded to processor 'ps7_cortexa9_0'.
01:05:45 INFO  : 'configparams force-mem-access 0' command is executed.
01:05:45 INFO  : ----------------XSDB Script----------------
connect -url tcp:127.0.0.1:3121
targets -set -nocase -filter {name =~"APU*"}
rst -system
after 3000
targets -set -filter {jtag_cable_name =~ "Digilent Zybo 210279651712A" && level==0 && jtag_device_ctx=="jsn-Zybo-210279651712A-13722093-0"}
fpga -file /home/monsud/Scrivania/ASCON-hw/workspace/ascon_app/_ide/bitstream/design_ascon_wrapper.bit
targets -set -nocase -filter {name =~"APU*"}
loadhw -hw /home/monsud/Scrivania/ASCON-hw/workspace/design_ascon_wrapper/export/design_ascon_wrapper/hw/design_ascon_wrapper.xsa -mem-ranges [list {0x40000000 0xbfffffff}] -regs
configparams force-mem-access 1
targets -set -nocase -filter {name =~"APU*"}
source /home/monsud/Scrivania/ASCON-hw/workspace/ascon_app/_ide/psinit/ps7_init.tcl
ps7_init
ps7_post_config
targets -set -nocase -filter {name =~ "*A9*#0"}
dow /home/monsud/Scrivania/ASCON-hw/workspace/ascon_app/Debug/ascon_app.elf
configparams force-mem-access 0
----------------End of Script----------------

01:05:45 INFO  : Context for processor 'ps7_cortexa9_0' is selected.
01:05:45 INFO  : 'con' command is executed.
01:05:45 INFO  : ----------------XSDB Script (After Launch)----------------
targets -set -nocase -filter {name =~ "*A9*#0"}
con
----------------End of Script----------------

01:05:45 INFO  : Launch script is exported to file '/home/monsud/Scrivania/ASCON-hw/workspace/ascon_app_system/_ide/scripts/systemdebugger_ascon_app_system_standalone.tcl'
01:11:40 DEBUG : Logs will be stored at '/home/monsud/Scrivania/ASCON-hw/workspace/IDE.log'.
01:11:41 INFO  : Launching XSCT server: xsct -n  -interactive /home/monsud/Scrivania/ASCON-hw/workspace/temp_xsdb_launch_script.tcl
01:11:43 INFO  : Platform repository initialization has completed.
01:11:44 INFO  : Registering command handlers for Vitis TCF services
01:11:45 INFO  : XSCT server has started successfully.
01:11:45 INFO  : Successfully done setting XSCT server connection channel  
01:11:45 INFO  : plnx-install-location is set to ''
01:11:45 INFO  : Successfully done setting workspace for the tool. 
01:11:45 INFO  : Successfully done query RDI_DATADIR 
01:12:06 INFO  : Checking for BSP changes to sync application flags for project 'ascon_app'...
01:12:13 ERROR : (XSDB Server)ERROR: [Hsi 55-1571] The design file /home/monsud/Scrivania/ASCON-hw/workspace/design_ascon_wrapper/export/design_ascon_wrapper/hw/design_ascon_wrapper.xsa is already opened

01:12:28 INFO  : Connected to target on host '127.0.0.1' and port '3121'.
01:12:28 INFO  : Jtag cable 'Digilent Zybo 210279651712A' is selected.
01:12:28 INFO  : 'jtag frequency' command is executed.
01:12:28 INFO  : Context for 'APU' is selected.
01:12:28 INFO  : System reset is completed.
01:12:31 INFO  : 'after 3000' command is executed.
01:12:32 INFO  : 'targets -set -filter {jtag_cable_name =~ "Digilent Zybo 210279651712A" && level==0 && jtag_device_ctx=="jsn-Zybo-210279651712A-13722093-0"}' command is executed.
01:12:33 INFO  : Device configured successfully with "/home/monsud/Scrivania/ASCON-hw/workspace/ascon_app/_ide/bitstream/design_ascon_wrapper.bit"
01:12:33 INFO  : Context for 'APU' is selected.
01:12:33 INFO  : Hardware design and registers information is loaded from '/home/monsud/Scrivania/ASCON-hw/workspace/design_ascon_wrapper/export/design_ascon_wrapper/hw/design_ascon_wrapper.xsa'.
01:12:33 INFO  : 'configparams force-mem-access 1' command is executed.
01:12:33 INFO  : Context for 'APU' is selected.
01:12:33 INFO  : Sourcing of '/home/monsud/Scrivania/ASCON-hw/workspace/ascon_app/_ide/psinit/ps7_init.tcl' is done.
01:12:33 INFO  : 'ps7_init' command is executed.
01:12:33 INFO  : 'ps7_post_config' command is executed.
01:12:33 INFO  : Context for processor 'ps7_cortexa9_0' is selected.
01:12:34 INFO  : The application '/home/monsud/Scrivania/ASCON-hw/workspace/ascon_app/Debug/ascon_app.elf' is downloaded to processor 'ps7_cortexa9_0'.
01:12:34 INFO  : 'configparams force-mem-access 0' command is executed.
01:12:34 INFO  : ----------------XSDB Script----------------
connect -url tcp:127.0.0.1:3121
targets -set -nocase -filter {name =~"APU*"}
rst -system
after 3000
targets -set -filter {jtag_cable_name =~ "Digilent Zybo 210279651712A" && level==0 && jtag_device_ctx=="jsn-Zybo-210279651712A-13722093-0"}
fpga -file /home/monsud/Scrivania/ASCON-hw/workspace/ascon_app/_ide/bitstream/design_ascon_wrapper.bit
targets -set -nocase -filter {name =~"APU*"}
loadhw -hw /home/monsud/Scrivania/ASCON-hw/workspace/design_ascon_wrapper/export/design_ascon_wrapper/hw/design_ascon_wrapper.xsa -mem-ranges [list {0x40000000 0xbfffffff}] -regs
configparams force-mem-access 1
targets -set -nocase -filter {name =~"APU*"}
source /home/monsud/Scrivania/ASCON-hw/workspace/ascon_app/_ide/psinit/ps7_init.tcl
ps7_init
ps7_post_config
targets -set -nocase -filter {name =~ "*A9*#0"}
dow /home/monsud/Scrivania/ASCON-hw/workspace/ascon_app/Debug/ascon_app.elf
configparams force-mem-access 0
----------------End of Script----------------

01:12:34 INFO  : Context for processor 'ps7_cortexa9_0' is selected.
01:12:34 INFO  : 'con' command is executed.
01:12:34 INFO  : ----------------XSDB Script (After Launch)----------------
targets -set -nocase -filter {name =~ "*A9*#0"}
con
----------------End of Script----------------

01:12:34 INFO  : Launch script is exported to file '/home/monsud/Scrivania/ASCON-hw/workspace/ascon_app_system/_ide/scripts/systemdebugger_ascon_app_system_standalone.tcl'
01:18:11 INFO  : Disconnected from the channel tcfchan#2.
